This file contains any messages produced by compilers while
running configure, to aid debugging if configure makes a mistake.

It was created by XZ Utils configure 5.0.5, which was
generated by GNU Autoconf 2.69.  Invocation command line was

  $ ./configure 

## --------- ##
## Platform. ##
## --------- ##

hostname = MacBook-Pro-2.local
uname -m = x86_64
uname -r = 17.2.0
uname -s = Darwin
uname -v = Darwin Kernel Version 17.2.0: Fri Sep 29 18:27:05 PDT 2017; root:xnu-4570.20.62~3/RELEASE_X86_64

/usr/bin/uname -p = i386
/bin/uname -X     = unknown

/bin/arch              = unknown
/usr/bin/arch -k       = unknown
/usr/convex/getsysinfo = unknown
/usr/bin/hostinfo      = Mach kernel version:
	 Darwin Kernel Version 17.2.0: Fri Sep 29 18:27:05 PDT 2017; root:xnu-4570.20.62~3/RELEASE_X86_64
Kernel configured for up to 8 processors.
4 processors are physically available.
8 processors are logically available.
Processor type: x86_64h (Intel x86-64h Haswell)
Processors active: 0 1 2 3 4 5 6 7
Primary memory available: 16.00 gigabytes
Default processor set: 583 tasks, 2888 threads, 8 processors
Load average: 5.35, Mach factor: 3.38
/bin/machine           = unknown
/usr/bin/oslevel       = unknown
/bin/universe          = unknown

PATH: /usr/local/lib/node_modules/npm/node_modules/npm-lifecycle/node-gyp-bin
PATH: /Users/gowitheflow/Documents/ETALAB/piwik_logs/node_modules/xz/node_modules/.bin
PATH: /Users/gowitheflow/Documents/ETALAB/piwik_logs/node_modules/.bin
PATH: ”/Users/gowitheflow/anaconda/bin
PATH: /Users/gowitheflow/Downloads/google-cloud-sdk/bin
PATH: /Users/gowitheflow/anaconda3/bin
PATH: /usr/local/bin
PATH: /usr/local/sbin
PATH: /usr/bin
PATH: /bin
PATH: /usr/sbin
PATH: /sbin”


## ----------- ##
## Core tests. ##
## ----------- ##

configure:2933: checking build system type
configure:2947: result: x86_64-apple-darwin17.2.0
configure:2967: checking host system type
configure:2980: result: x86_64-apple-darwin17.2.0
configure:3034: checking if debugging code should be compiled
configure:3050: result: no
configure:3090: checking which encoders to build
configure:3177: result: lzma1 lzma2 delta x86 powerpc ia64 arm armthumb sparc
configure:3181: checking which decoders to build
configure:3273: result: lzma1 lzma2 delta x86 powerpc ia64 arm armthumb sparc
configure:3612: checking which match finders to build
configure:3663: result: hc3 hc4 bt2 bt3 bt4
configure:3681: checking which integrity checks to build
configure:3723: result: crc32 crc64 sha256
configure:3760: checking if assembler optimizations should be used
configure:3784: result: no
configure:3815: checking if small size is preferred over speed
configure:3833: result: no
configure:3849: checking if threading support is wanted
configure:3863: result: yes
configure:3876: checking how much RAM to assume if the real amount is unknown
configure:3891: result: 128 MiB
configure:4007: checking for a shell that conforms to POSIX
configure:4048: result: /bin/sh
configure:4085: checking for a BSD-compatible install
configure:4153: result: /usr/bin/install -c
configure:4164: checking whether build environment is sane
configure:4219: result: yes
configure:4370: checking for a thread-safe mkdir -p
configure:4409: result: build-aux/install-sh -c -d
configure:4416: checking for gawk
configure:4446: result: no
configure:4416: checking for mawk
configure:4446: result: no
configure:4416: checking for nawk
configure:4446: result: no
configure:4416: checking for awk
configure:4432: found /usr/bin/awk
configure:4443: result: awk
configure:4454: checking whether make sets $(MAKE)
configure:4476: result: yes
configure:4505: checking whether make supports nested variables
configure:4522: result: yes
configure:4647: checking whether ln -s works
configure:4651: result: yes
configure:4671: checking for style of include used by make
configure:4699: result: GNU
configure:4770: checking for gcc
configure:4786: found /usr/bin/gcc
configure:4797: result: gcc
configure:5026: checking for C compiler version
configure:5035: gcc --version >&5
Apple LLVM version 9.0.0 (clang-900.0.39.2)
Target: x86_64-apple-darwin17.2.0
Thread model: posix
InstalledDir: /Applications/Xcode.app/Contents/Developer/Toolchains/XcodeDefault.xctoolchain/usr/bin
Configured with: --prefix=/Applications/Xcode.app/Contents/Developer/usr --with-gxx-include-dir=/Applications/Xcode.app/Contents/Developer/Platforms/MacOSX.platform/Developer/SDKs/MacOSX10.13.sdk/usr/include/c++/4.2.1
configure:5046: $? = 0
configure:5035: gcc -v >&5
Configured with: --prefix=/Applications/Xcode.app/Contents/Developer/usr --with-gxx-include-dir=/Applications/Xcode.app/Contents/Developer/Platforms/MacOSX.platform/Developer/SDKs/MacOSX10.13.sdk/usr/include/c++/4.2.1
Apple LLVM version 9.0.0 (clang-900.0.39.2)
Target: x86_64-apple-darwin17.2.0
Thread model: posix
InstalledDir: /Applications/Xcode.app/Contents/Developer/Toolchains/XcodeDefault.xctoolchain/usr/bin
configure:5046: $? = 0
configure:5035: gcc -V >&5
clang: error: argument to '-V' is missing (expected 1 value)
clang: error: no input files
configure:5046: $? = 1
configure:5035: gcc -qversion >&5
clang: error: unknown argument: '-qversion'
clang: error: no input files
configure:5046: $? = 1
configure:5066: checking whether the C compiler works
configure:5088: gcc -fPIC   conftest.c  >&5
configure:5092: $? = 0
configure:5140: result: yes
configure:5143: checking for C compiler default output file name
configure:5145: result: a.out
configure:5151: checking for suffix of executables
configure:5158: gcc -o conftest -fPIC   conftest.c  >&5
configure:5162: $? = 0
configure:5184: result: 
configure:5206: checking whether we are cross compiling
configure:5214: gcc -o conftest -fPIC   conftest.c  >&5
configure:5218: $? = 0
configure:5225: ./conftest
configure:5229: $? = 0
configure:5244: result: no
configure:5249: checking for suffix of object files
configure:5271: gcc -c -fPIC  conftest.c >&5
configure:5275: $? = 0
configure:5296: result: o
configure:5300: checking whether we are using the GNU C compiler
configure:5319: gcc -c -fPIC  conftest.c >&5
configure:5319: $? = 0
configure:5328: result: yes
configure:5337: checking whether gcc accepts -g
configure:5357: gcc -c -g  conftest.c >&5
configure:5357: $? = 0
configure:5398: result: yes
configure:5415: checking for gcc option to accept ISO C89
configure:5478: gcc  -c -fPIC  conftest.c >&5
configure:5478: $? = 0
configure:5491: result: none needed
configure:5516: checking whether gcc understands -c and -o together
configure:5538: gcc -c conftest.c -o conftest2.o
configure:5541: $? = 0
configure:5538: gcc -c conftest.c -o conftest2.o
configure:5541: $? = 0
configure:5553: result: yes
configure:5572: checking dependency style of gcc
configure:5683: result: gcc3
configure:5698: checking for gcc option to accept ISO C99
configure:5847: gcc  -c -fPIC  conftest.c >&5
configure:5847: $? = 0
configure:5860: result: none needed
configure:5889: checking dependency style of gcc
configure:5998: result: gcc3
configure:6019: checking how to run the C preprocessor
configure:6050: gcc -E  conftest.c
configure:6050: $? = 0
configure:6064: gcc -E  conftest.c
conftest.c:39:10: fatal error: 'ac_nonexistent.h' file not found
#include <ac_nonexistent.h>
         ^~~~~~~~~~~~~~~~~~
1 error generated.
configure:6064: $? = 1
configure: failed program was:
| /* confdefs.h */
| #define PACKAGE_NAME "XZ Utils"
| #define PACKAGE_TARNAME "xz"
| #define PACKAGE_VERSION "5.0.5"
| #define PACKAGE_STRING "XZ Utils 5.0.5"
| #define PACKAGE_BUGREPORT "lasse.collin@tukaani.org"
| #define PACKAGE_URL "http://tukaani.org/xz/"
| #define NDEBUG 1
| #define HAVE_ENCODER_LZMA1 1
| #define HAVE_ENCODER_LZMA2 1
| #define HAVE_ENCODER_DELTA 1
| #define HAVE_ENCODER_X86 1
| #define HAVE_ENCODER_POWERPC 1
| #define HAVE_ENCODER_IA64 1
| #define HAVE_ENCODER_ARM 1
| #define HAVE_ENCODER_ARMTHUMB 1
| #define HAVE_ENCODER_SPARC 1
| #define HAVE_DECODER_LZMA1 1
| #define HAVE_DECODER_LZMA2 1
| #define HAVE_DECODER_DELTA 1
| #define HAVE_DECODER_X86 1
| #define HAVE_DECODER_POWERPC 1
| #define HAVE_DECODER_IA64 1
| #define HAVE_DECODER_ARM 1
| #define HAVE_DECODER_ARMTHUMB 1
| #define HAVE_DECODER_SPARC 1
| #define HAVE_MF_HC3 1
| #define HAVE_MF_HC4 1
| #define HAVE_MF_BT2 1
| #define HAVE_MF_BT3 1
| #define HAVE_MF_BT4 1
| #define HAVE_CHECK_CRC32 1
| #define HAVE_CHECK_CRC64 1
| #define HAVE_CHECK_SHA256 1
| #define ASSUME_RAM 128
| #define PACKAGE "xz"
| #define VERSION "5.0.5"
| /* end confdefs.h.  */
| #include <ac_nonexistent.h>
configure:6089: result: gcc -E
configure:6109: gcc -E  conftest.c
configure:6109: $? = 0
configure:6123: gcc -E  conftest.c
conftest.c:39:10: fatal error: 'ac_nonexistent.h' file not found
#include <ac_nonexistent.h>
         ^~~~~~~~~~~~~~~~~~
1 error generated.
configure:6123: $? = 1
configure: failed program was:
| /* confdefs.h */
| #define PACKAGE_NAME "XZ Utils"
| #define PACKAGE_TARNAME "xz"
| #define PACKAGE_VERSION "5.0.5"
| #define PACKAGE_STRING "XZ Utils 5.0.5"
| #define PACKAGE_BUGREPORT "lasse.collin@tukaani.org"
| #define PACKAGE_URL "http://tukaani.org/xz/"
| #define NDEBUG 1
| #define HAVE_ENCODER_LZMA1 1
| #define HAVE_ENCODER_LZMA2 1
| #define HAVE_ENCODER_DELTA 1
| #define HAVE_ENCODER_X86 1
| #define HAVE_ENCODER_POWERPC 1
| #define HAVE_ENCODER_IA64 1
| #define HAVE_ENCODER_ARM 1
| #define HAVE_ENCODER_ARMTHUMB 1
| #define HAVE_ENCODER_SPARC 1
| #define HAVE_DECODER_LZMA1 1
| #define HAVE_DECODER_LZMA2 1
| #define HAVE_DECODER_DELTA 1
| #define HAVE_DECODER_X86 1
| #define HAVE_DECODER_POWERPC 1
| #define HAVE_DECODER_IA64 1
| #define HAVE_DECODER_ARM 1
| #define HAVE_DECODER_ARMTHUMB 1
| #define HAVE_DECODER_SPARC 1
| #define HAVE_MF_HC3 1
| #define HAVE_MF_HC4 1
| #define HAVE_MF_BT2 1
| #define HAVE_MF_BT3 1
| #define HAVE_MF_BT4 1
| #define HAVE_CHECK_CRC32 1
| #define HAVE_CHECK_CRC64 1
| #define HAVE_CHECK_SHA256 1
| #define ASSUME_RAM 128
| #define PACKAGE "xz"
| #define VERSION "5.0.5"
| /* end confdefs.h.  */
| #include <ac_nonexistent.h>
configure:6152: checking for grep that handles long lines and -e
configure:6210: result: /usr/bin/grep
configure:6215: checking for egrep
configure:6277: result: /usr/bin/grep -E
configure:6282: checking for ANSI C header files
configure:6302: gcc -c -fPIC  conftest.c >&5
configure:6302: $? = 0
configure:6375: gcc -o conftest -fPIC   conftest.c  >&5
configure:6375: $? = 0
configure:6375: ./conftest
configure:6375: $? = 0
configure:6386: result: yes
configure:6399: checking for sys/types.h
configure:6399: gcc -c -fPIC  conftest.c >&5
configure:6399: $? = 0
configure:6399: result: yes
configure:6399: checking for sys/stat.h
configure:6399: gcc -c -fPIC  conftest.c >&5
configure:6399: $? = 0
configure:6399: result: yes
configure:6399: checking for stdlib.h
configure:6399: gcc -c -fPIC  conftest.c >&5
configure:6399: $? = 0
configure:6399: result: yes
configure:6399: checking for string.h
configure:6399: gcc -c -fPIC  conftest.c >&5
configure:6399: $? = 0
configure:6399: result: yes
configure:6399: checking for memory.h
configure:6399: gcc -c -fPIC  conftest.c >&5
configure:6399: $? = 0
configure:6399: result: yes
configure:6399: checking for strings.h
configure:6399: gcc -c -fPIC  conftest.c >&5
configure:6399: $? = 0
configure:6399: result: yes
configure:6399: checking for inttypes.h
configure:6399: gcc -c -fPIC  conftest.c >&5
configure:6399: $? = 0
configure:6399: result: yes
configure:6399: checking for stdint.h
configure:6399: gcc -c -fPIC  conftest.c >&5
configure:6399: $? = 0
configure:6399: result: yes
configure:6399: checking for unistd.h
configure:6399: gcc -c -fPIC  conftest.c >&5
configure:6399: $? = 0
configure:6399: result: yes
configure:6412: checking minix/config.h usability
configure:6412: gcc -c -fPIC  conftest.c >&5
conftest.c:82:10: fatal error: 'minix/config.h' file not found
#include <minix/config.h>
         ^~~~~~~~~~~~~~~~
1 error generated.
configure:6412: $? = 1
configure: failed program was:
| /* confdefs.h */
| #define PACKAGE_NAME "XZ Utils"
| #define PACKAGE_TARNAME "xz"
| #define PACKAGE_VERSION "5.0.5"
| #define PACKAGE_STRING "XZ Utils 5.0.5"
| #define PACKAGE_BUGREPORT "lasse.collin@tukaani.org"
| #define PACKAGE_URL "http://tukaani.org/xz/"
| #define NDEBUG 1
| #define HAVE_ENCODER_LZMA1 1
| #define HAVE_ENCODER_LZMA2 1
| #define HAVE_ENCODER_DELTA 1
| #define HAVE_ENCODER_X86 1
| #define HAVE_ENCODER_POWERPC 1
| #define HAVE_ENCODER_IA64 1
| #define HAVE_ENCODER_ARM 1
| #define HAVE_ENCODER_ARMTHUMB 1
| #define HAVE_ENCODER_SPARC 1
| #define HAVE_DECODER_LZMA1 1
| #define HAVE_DECODER_LZMA2 1
| #define HAVE_DECODER_DELTA 1
| #define HAVE_DECODER_X86 1
| #define HAVE_DECODER_POWERPC 1
| #define HAVE_DECODER_IA64 1
| #define HAVE_DECODER_ARM 1
| #define HAVE_DECODER_ARMTHUMB 1
| #define HAVE_DECODER_SPARC 1
| #define HAVE_MF_HC3 1
| #define HAVE_MF_HC4 1
| #define HAVE_MF_BT2 1
| #define HAVE_MF_BT3 1
| #define HAVE_MF_BT4 1
| #define HAVE_CHECK_CRC32 1
| #define HAVE_CHECK_CRC64 1
| #define HAVE_CHECK_SHA256 1
| #define ASSUME_RAM 128
| #define PACKAGE "xz"
| #define VERSION "5.0.5"
| #define STDC_HEADERS 1
| #define HAVE_SYS_TYPES_H 1
| #define HAVE_SYS_STAT_H 1
| #define HAVE_STDLIB_H 1
| #define HAVE_STRING_H 1
| #define HAVE_MEMORY_H 1
| #define HAVE_STRINGS_H 1
| #define HAVE_INTTYPES_H 1
| #define HAVE_STDINT_H 1
| #define HAVE_UNISTD_H 1
| /* end confdefs.h.  */
| #include <stdio.h>
| #ifdef HAVE_SYS_TYPES_H
| # include <sys/types.h>
| #endif
| #ifdef HAVE_SYS_STAT_H
| # include <sys/stat.h>
| #endif
| #ifdef STDC_HEADERS
| # include <stdlib.h>
| # include <stddef.h>
| #else
| # ifdef HAVE_STDLIB_H
| #  include <stdlib.h>
| # endif
| #endif
| #ifdef HAVE_STRING_H
| # if !defined STDC_HEADERS && defined HAVE_MEMORY_H
| #  include <memory.h>
| # endif
| # include <string.h>
| #endif
| #ifdef HAVE_STRINGS_H
| # include <strings.h>
| #endif
| #ifdef HAVE_INTTYPES_H
| # include <inttypes.h>
| #endif
| #ifdef HAVE_STDINT_H
| # include <stdint.h>
| #endif
| #ifdef HAVE_UNISTD_H
| # include <unistd.h>
| #endif
| #include <minix/config.h>
configure:6412: result: no
configure:6412: checking minix/config.h presence
configure:6412: gcc -E  conftest.c
conftest.c:49:10: fatal error: 'minix/config.h' file not found
#include <minix/config.h>
         ^~~~~~~~~~~~~~~~
1 error generated.
configure:6412: $? = 1
configure: failed program was:
| /* confdefs.h */
| #define PACKAGE_NAME "XZ Utils"
| #define PACKAGE_TARNAME "xz"
| #define PACKAGE_VERSION "5.0.5"
| #define PACKAGE_STRING "XZ Utils 5.0.5"
| #define PACKAGE_BUGREPORT "lasse.collin@tukaani.org"
| #define PACKAGE_URL "http://tukaani.org/xz/"
| #define NDEBUG 1
| #define HAVE_ENCODER_LZMA1 1
| #define HAVE_ENCODER_LZMA2 1
| #define HAVE_ENCODER_DELTA 1
| #define HAVE_ENCODER_X86 1
| #define HAVE_ENCODER_POWERPC 1
| #define HAVE_ENCODER_IA64 1
| #define HAVE_ENCODER_ARM 1
| #define HAVE_ENCODER_ARMTHUMB 1
| #define HAVE_ENCODER_SPARC 1
| #define HAVE_DECODER_LZMA1 1
| #define HAVE_DECODER_LZMA2 1
| #define HAVE_DECODER_DELTA 1
| #define HAVE_DECODER_X86 1
| #define HAVE_DECODER_POWERPC 1
| #define HAVE_DECODER_IA64 1
| #define HAVE_DECODER_ARM 1
| #define HAVE_DECODER_ARMTHUMB 1
| #define HAVE_DECODER_SPARC 1
| #define HAVE_MF_HC3 1
| #define HAVE_MF_HC4 1
| #define HAVE_MF_BT2 1
| #define HAVE_MF_BT3 1
| #define HAVE_MF_BT4 1
| #define HAVE_CHECK_CRC32 1
| #define HAVE_CHECK_CRC64 1
| #define HAVE_CHECK_SHA256 1
| #define ASSUME_RAM 128
| #define PACKAGE "xz"
| #define VERSION "5.0.5"
| #define STDC_HEADERS 1
| #define HAVE_SYS_TYPES_H 1
| #define HAVE_SYS_STAT_H 1
| #define HAVE_STDLIB_H 1
| #define HAVE_STRING_H 1
| #define HAVE_MEMORY_H 1
| #define HAVE_STRINGS_H 1
| #define HAVE_INTTYPES_H 1
| #define HAVE_STDINT_H 1
| #define HAVE_UNISTD_H 1
| /* end confdefs.h.  */
| #include <minix/config.h>
configure:6412: result: no
configure:6412: checking for minix/config.h
configure:6412: result: no
configure:6433: checking whether it is safe to define __EXTENSIONS__
configure:6451: gcc -c -fPIC  conftest.c >&5
configure:6451: $? = 0
configure:6458: result: yes
configure:6594: checking whether pthreads work with -pthread
configure:6682: gcc -o conftest -fPIC -pthread   conftest.c   >&5
configure:6682: $? = 0
configure:6691: result: yes
configure:6710: checking for joinable pthread attribute
configure:6725: gcc -o conftest -fPIC -pthread   conftest.c   >&5
configure:6725: $? = 0
configure:6731: result: PTHREAD_CREATE_JOINABLE
configure:6741: checking if more special flags are required for pthreads
configure:6755: result: -D_THREAD_SAFE
configure:6761: checking for PTHREAD_PRIO_INHERIT
configure:6779: gcc -o conftest -fPIC -pthread   conftest.c   >&5
configure:6779: $? = 0
configure:6788: result: yes
configure:6926: checking how to print strings
configure:6953: result: printf
configure:6974: checking for a sed that does not truncate output
configure:7038: result: /usr/bin/sed
configure:7056: checking for fgrep
configure:7118: result: /usr/bin/grep -F
configure:7153: checking for ld used by gcc
configure:7220: result: /Applications/Xcode.app/Contents/Developer/Toolchains/XcodeDefault.xctoolchain/usr/bin/ld
configure:7227: checking if the linker (/Applications/Xcode.app/Contents/Developer/Toolchains/XcodeDefault.xctoolchain/usr/bin/ld) is GNU ld
configure:7242: result: no
configure:7254: checking for BSD- or MS-compatible name lister (nm)
configure:7303: result: /usr/bin/nm -B
configure:7433: checking the name lister (/usr/bin/nm -B) interface
configure:7440: gcc -c -fPIC  conftest.c >&5
configure:7443: /usr/bin/nm -B "conftest.o"
configure:7446: output
0000000000000000 S _some_variable
configure:7453: result: BSD nm
configure:7457: checking the maximum length of command line arguments
configure:7587: result: 196608
configure:7604: checking whether the shell understands some XSI constructs
configure:7614: result: yes
configure:7618: checking whether the shell understands "+="
configure:7624: result: yes
configure:7659: checking how to convert x86_64-apple-darwin17.2.0 file names to x86_64-apple-darwin17.2.0 format
configure:7699: result: func_convert_file_noop
configure:7706: checking how to convert x86_64-apple-darwin17.2.0 file names to toolchain format
configure:7726: result: func_convert_file_noop
configure:7733: checking for /Applications/Xcode.app/Contents/Developer/Toolchains/XcodeDefault.xctoolchain/usr/bin/ld option to reload object files
configure:7740: result: -r
configure:7814: checking for objdump
configure:7830: found /usr/bin/objdump
configure:7841: result: objdump
configure:7870: checking how to recognize dependent libraries
configure:8072: result: pass_all
configure:8157: checking for dlltool
configure:8187: result: no
configure:8214: checking how to associate runtime and link libraries
configure:8241: result: printf %s\n
configure:8301: checking for ar
configure:8317: found /usr/bin/ar
configure:8328: result: ar
configure:8365: checking for archiver @FILE support
configure:8382: gcc -c -fPIC  conftest.c >&5
configure:8382: $? = 0
configure:8385: ar cru libconftest.a @conftest.lst >&5
ar: @conftest.lst: No such file or directory
configure:8388: $? = 1
configure:8408: result: no
configure:8466: checking for strip
configure:8482: found /usr/bin/strip
configure:8493: result: strip
configure:8565: checking for ranlib
configure:8581: found /usr/bin/ranlib
configure:8592: result: ranlib
configure:8694: checking command to parse /usr/bin/nm -B output from gcc object
configure:8814: gcc -c -fPIC  conftest.c >&5
configure:8817: $? = 0
configure:8821: /usr/bin/nm -B conftest.o \| sed -n -e 's/^.*[ ]\([BCDEGRST][BCDEGRST]*\)[ ][ ]*\([_A-Za-z][_A-Za-z0-9]*\)$/\1 \2 \2/p' | sed '/ __gnu_lto/d' \> conftest.nm
configure:8824: $? = 0
cannot find nm_test_var in conftest.nm
configure:8814: gcc -c -fPIC  conftest.c >&5
configure:8817: $? = 0
configure:8821: /usr/bin/nm -B conftest.o \| sed -n -e 's/^.*[ ]\([BCDEGRST][BCDEGRST]*\)[ ][ ]*_\([_A-Za-z][_A-Za-z0-9]*\)$/\1 _\2 \2/p' | sed '/ __gnu_lto/d' \> conftest.nm
configure:8824: $? = 0
configure:8890: gcc -o conftest -fPIC   conftest.c conftstm.o >&5
configure:8893: $? = 0
configure:8931: result: ok
configure:8968: checking for sysroot
configure:8998: result: no
configure:9254: checking for mt
configure:9284: result: no
configure:9304: checking if : is a manifest tool
configure:9310: : '-?'
configure:9318: result: no
configure:9374: checking for dsymutil
configure:9390: found /usr/bin/dsymutil
configure:9401: result: dsymutil
configure:9466: checking for nmedit
configure:9482: found /usr/bin/nmedit
configure:9493: result: nmedit
configure:9558: checking for lipo
configure:9574: found /usr/bin/lipo
configure:9585: result: lipo
configure:9650: checking for otool
configure:9666: found /usr/bin/otool
configure:9677: result: otool
configure:9742: checking for otool64
configure:9772: result: no
configure:9817: checking for -single_module linker flag
gcc -fPIC  -o libconftest.dylib -dynamiclib -Wl,-single_module conftest.c
configure:9850: result: yes
configure:9853: checking for -exported_symbols_list linker flag
configure:9873: gcc -o conftest -fPIC   -Wl,-exported_symbols_list,conftest.sym conftest.c   >&5
configure:9873: $? = 0
configure:9883: result: yes
configure:9886: checking for -force_load linker flag
gcc -fPIC -c -o conftest.o conftest.c
ar cru libconftest.a conftest.o
ranlib libconftest.a
gcc -fPIC  -o conftest conftest.c -Wl,-force_load,./libconftest.a
configure:9918: result: yes
configure:9957: checking for dlfcn.h
configure:9957: gcc -c -fPIC  conftest.c >&5
configure:9957: $? = 0
configure:9957: result: yes
configure:10461: checking for objdir
configure:10476: result: .libs
configure:10747: checking if gcc supports -fno-rtti -fno-exceptions
configure:10765: gcc -c -fPIC  -fno-rtti -fno-exceptions conftest.c >&5
configure:10769: $? = 0
configure:10782: result: yes
configure:11109: checking for gcc option to produce PIC
configure:11116: result: -fno-common -DPIC
configure:11124: checking if gcc PIC flag -fno-common -DPIC works
configure:11142: gcc -c -fPIC  -fno-common -DPIC -DPIC conftest.c >&5
configure:11146: $? = 0
configure:11159: result: yes
configure:11188: checking if gcc static flag -static works
configure:11216: result: no
configure:11231: checking if gcc supports -c -o file.o
configure:11252: gcc -c -fPIC  -o out/conftest2.o conftest.c >&5
configure:11256: $? = 0
configure:11278: result: yes
configure:11286: checking if gcc supports -c -o file.o
configure:11333: result: yes
configure:11366: checking whether the gcc linker (/Applications/Xcode.app/Contents/Developer/Toolchains/XcodeDefault.xctoolchain/usr/bin/ld) supports shared libraries
configure:12519: result: yes
configure:12759: checking dynamic linker characteristics
configure:13492: result: darwin17.2.0 dyld
configure:13599: checking how to hardcode library paths into programs
configure:13624: result: immediate
configure:14164: checking whether stripping libraries is possible
configure:14178: result: yes
configure:14204: checking if libtool supports shared libraries
configure:14206: result: yes
configure:14209: checking whether to build shared libraries
configure:14230: result: yes
configure:14233: checking whether to build static libraries
configure:14237: result: yes
configure:14317: checking for windres
configure:14347: result: no
configure:14481: checking whether NLS is requested
configure:14490: result: yes
configure:14531: checking for msgfmt
configure:14566: result: no
configure:14572: checking for gmsgfmt
configure:14603: result: :
configure:14654: checking for xgettext
configure:14689: result: no
configure:14732: checking for msgmerge
configure:14766: result: no
configure:14820: checking for ld used by GCC
configure:14884: result: /Applications/Xcode.app/Contents/Developer/Toolchains/XcodeDefault.xctoolchain/usr/bin/ld
configure:14891: checking if the linker (/Applications/Xcode.app/Contents/Developer/Toolchains/XcodeDefault.xctoolchain/usr/bin/ld) is GNU ld
configure:14904: result: no
configure:14911: checking for shared library run path origin
configure:14924: result: done
configure:15496: checking for CFPreferencesCopyAppValue
configure:15514: gcc -o conftest -fPIC   conftest.c   -Wl,-framework -Wl,CoreFoundation >&5
conftest.c:62:37: warning: null passed to a callee that requires a non-null argument [-Wnonnull]
CFPreferencesCopyAppValue(NULL, NULL)
                          ~~~~      ^
conftest.c:62:37: warning: null passed to a callee that requires a non-null argument [-Wnonnull]
CFPreferencesCopyAppValue(NULL, NULL)
                                ~~~~^
2 warnings generated.
configure:15514: $? = 0
configure:15523: result: yes
configure:15530: checking for CFLocaleCopyCurrent
configure:15548: gcc -o conftest -fPIC   conftest.c   -Wl,-framework -Wl,CoreFoundation >&5
configure:15548: $? = 0
configure:15557: result: yes
configure:15606: checking for GNU gettext in libc
configure:15626: gcc -o conftest -fPIC   conftest.c   >&5
conftest.c:60:10: fatal error: 'libintl.h' file not found
#include <libintl.h>
         ^~~~~~~~~~~
1 error generated.
configure:15626: $? = 1
configure: failed program was:
| /* confdefs.h */
| #define PACKAGE_NAME "XZ Utils"
| #define PACKAGE_TARNAME "xz"
| #define PACKAGE_VERSION "5.0.5"
| #define PACKAGE_STRING "XZ Utils 5.0.5"
| #define PACKAGE_BUGREPORT "lasse.collin@tukaani.org"
| #define PACKAGE_URL "http://tukaani.org/xz/"
| #define NDEBUG 1
| #define HAVE_ENCODER_LZMA1 1
| #define HAVE_ENCODER_LZMA2 1
| #define HAVE_ENCODER_DELTA 1
| #define HAVE_ENCODER_X86 1
| #define HAVE_ENCODER_POWERPC 1
| #define HAVE_ENCODER_IA64 1
| #define HAVE_ENCODER_ARM 1
| #define HAVE_ENCODER_ARMTHUMB 1
| #define HAVE_ENCODER_SPARC 1
| #define HAVE_DECODER_LZMA1 1
| #define HAVE_DECODER_LZMA2 1
| #define HAVE_DECODER_DELTA 1
| #define HAVE_DECODER_X86 1
| #define HAVE_DECODER_POWERPC 1
| #define HAVE_DECODER_IA64 1
| #define HAVE_DECODER_ARM 1
| #define HAVE_DECODER_ARMTHUMB 1
| #define HAVE_DECODER_SPARC 1
| #define HAVE_MF_HC3 1
| #define HAVE_MF_HC4 1
| #define HAVE_MF_BT2 1
| #define HAVE_MF_BT3 1
| #define HAVE_MF_BT4 1
| #define HAVE_CHECK_CRC32 1
| #define HAVE_CHECK_CRC64 1
| #define HAVE_CHECK_SHA256 1
| #define ASSUME_RAM 128
| #define PACKAGE "xz"
| #define VERSION "5.0.5"
| #define STDC_HEADERS 1
| #define HAVE_SYS_TYPES_H 1
| #define HAVE_SYS_STAT_H 1
| #define HAVE_STDLIB_H 1
| #define HAVE_STRING_H 1
| #define HAVE_MEMORY_H 1
| #define HAVE_STRINGS_H 1
| #define HAVE_INTTYPES_H 1
| #define HAVE_STDINT_H 1
| #define HAVE_UNISTD_H 1
| #define __EXTENSIONS__ 1
| #define _ALL_SOURCE 1
| #define _GNU_SOURCE 1
| #define _POSIX_PTHREAD_SEMANTICS 1
| #define _TANDEM_SOURCE 1
| #define HAVE_PTHREAD_PRIO_INHERIT 1
| #define HAVE_PTHREAD 1
| #define HAVE_DLFCN_H 1
| #define LT_OBJDIR ".libs/"
| #define HAVE_CFPREFERENCESCOPYAPPVALUE 1
| #define HAVE_CFLOCALECOPYCURRENT 1
| /* end confdefs.h.  */
| #include <libintl.h>
| 
| extern int _nl_msg_cat_cntr;
| extern int *_nl_domain_bindings;
| int
| main ()
| {
| bindtextdomain ("", "");
| return * gettext ("") + _nl_msg_cat_cntr + *_nl_domain_bindings
|   ;
|   return 0;
| }
configure:15635: result: no
configure:15669: checking for iconv
configure:15691: gcc -o conftest -fPIC   conftest.c   >&5
Undefined symbols for architecture x86_64:
  "_iconv", referenced from:
      _main in conftest-98bb2d.o
  "_iconv_close", referenced from:
      _main in conftest-98bb2d.o
  "_iconv_open", referenced from:
      _main in conftest-98bb2d.o
ld: symbol(s) not found for architecture x86_64
clang: error: linker command failed with exit code 1 (use -v to see invocation)
configure:15691: $? = 1
configure: failed program was:
| /* confdefs.h */
| #define PACKAGE_NAME "XZ Utils"
| #define PACKAGE_TARNAME "xz"
| #define PACKAGE_VERSION "5.0.5"
| #define PACKAGE_STRING "XZ Utils 5.0.5"
| #define PACKAGE_BUGREPORT "lasse.collin@tukaani.org"
| #define PACKAGE_URL "http://tukaani.org/xz/"
| #define NDEBUG 1
| #define HAVE_ENCODER_LZMA1 1
| #define HAVE_ENCODER_LZMA2 1
| #define HAVE_ENCODER_DELTA 1
| #define HAVE_ENCODER_X86 1
| #define HAVE_ENCODER_POWERPC 1
| #define HAVE_ENCODER_IA64 1
| #define HAVE_ENCODER_ARM 1
| #define HAVE_ENCODER_ARMTHUMB 1
| #define HAVE_ENCODER_SPARC 1
| #define HAVE_DECODER_LZMA1 1
| #define HAVE_DECODER_LZMA2 1
| #define HAVE_DECODER_DELTA 1
| #define HAVE_DECODER_X86 1
| #define HAVE_DECODER_POWERPC 1
| #define HAVE_DECODER_IA64 1
| #define HAVE_DECODER_ARM 1
| #define HAVE_DECODER_ARMTHUMB 1
| #define HAVE_DECODER_SPARC 1
| #define HAVE_MF_HC3 1
| #define HAVE_MF_HC4 1
| #define HAVE_MF_BT2 1
| #define HAVE_MF_BT3 1
| #define HAVE_MF_BT4 1
| #define HAVE_CHECK_CRC32 1
| #define HAVE_CHECK_CRC64 1
| #define HAVE_CHECK_SHA256 1
| #define ASSUME_RAM 128
| #define PACKAGE "xz"
| #define VERSION "5.0.5"
| #define STDC_HEADERS 1
| #define HAVE_SYS_TYPES_H 1
| #define HAVE_SYS_STAT_H 1
| #define HAVE_STDLIB_H 1
| #define HAVE_STRING_H 1
| #define HAVE_MEMORY_H 1
| #define HAVE_STRINGS_H 1
| #define HAVE_INTTYPES_H 1
| #define HAVE_STDINT_H 1
| #define HAVE_UNISTD_H 1
| #define __EXTENSIONS__ 1
| #define _ALL_SOURCE 1
| #define _GNU_SOURCE 1
| #define _POSIX_PTHREAD_SEMANTICS 1
| #define _TANDEM_SOURCE 1
| #define HAVE_PTHREAD_PRIO_INHERIT 1
| #define HAVE_PTHREAD 1
| #define HAVE_DLFCN_H 1
| #define LT_OBJDIR ".libs/"
| #define HAVE_CFPREFERENCESCOPYAPPVALUE 1
| #define HAVE_CFLOCALECOPYCURRENT 1
| /* end confdefs.h.  */
| #include <stdlib.h>
| #include <iconv.h>
| int
| main ()
| {
| iconv_t cd = iconv_open("","");
|        iconv(cd,NULL,NULL,NULL,NULL);
|        iconv_close(cd);
|   ;
|   return 0;
| }
configure:15713: gcc -o conftest -fPIC   conftest.c   -liconv >&5
configure:15713: $? = 0
configure:15723: result: yes
configure:15726: checking for working iconv
configure:15821: gcc -o conftest -fPIC   conftest.c   -liconv >&5
configure:15821: $? = 0
configure:15821: ./conftest
configure:15821: $? = 0
configure:15833: result: yes
configure:15848: checking how to link with libiconv
configure:15850: result: -liconv
configure:16322: checking for GNU gettext in libintl
configure:16350: gcc -o conftest -fPIC    conftest.c   -lintl >&5
conftest.c:61:10: fatal error: 'libintl.h' file not found
#include <libintl.h>
         ^~~~~~~~~~~
1 error generated.
configure:16350: $? = 1
configure: failed program was:
| /* confdefs.h */
| #define PACKAGE_NAME "XZ Utils"
| #define PACKAGE_TARNAME "xz"
| #define PACKAGE_VERSION "5.0.5"
| #define PACKAGE_STRING "XZ Utils 5.0.5"
| #define PACKAGE_BUGREPORT "lasse.collin@tukaani.org"
| #define PACKAGE_URL "http://tukaani.org/xz/"
| #define NDEBUG 1
| #define HAVE_ENCODER_LZMA1 1
| #define HAVE_ENCODER_LZMA2 1
| #define HAVE_ENCODER_DELTA 1
| #define HAVE_ENCODER_X86 1
| #define HAVE_ENCODER_POWERPC 1
| #define HAVE_ENCODER_IA64 1
| #define HAVE_ENCODER_ARM 1
| #define HAVE_ENCODER_ARMTHUMB 1
| #define HAVE_ENCODER_SPARC 1
| #define HAVE_DECODER_LZMA1 1
| #define HAVE_DECODER_LZMA2 1
| #define HAVE_DECODER_DELTA 1
| #define HAVE_DECODER_X86 1
| #define HAVE_DECODER_POWERPC 1
| #define HAVE_DECODER_IA64 1
| #define HAVE_DECODER_ARM 1
| #define HAVE_DECODER_ARMTHUMB 1
| #define HAVE_DECODER_SPARC 1
| #define HAVE_MF_HC3 1
| #define HAVE_MF_HC4 1
| #define HAVE_MF_BT2 1
| #define HAVE_MF_BT3 1
| #define HAVE_MF_BT4 1
| #define HAVE_CHECK_CRC32 1
| #define HAVE_CHECK_CRC64 1
| #define HAVE_CHECK_SHA256 1
| #define ASSUME_RAM 128
| #define PACKAGE "xz"
| #define VERSION "5.0.5"
| #define STDC_HEADERS 1
| #define HAVE_SYS_TYPES_H 1
| #define HAVE_SYS_STAT_H 1
| #define HAVE_STDLIB_H 1
| #define HAVE_STRING_H 1
| #define HAVE_MEMORY_H 1
| #define HAVE_STRINGS_H 1
| #define HAVE_INTTYPES_H 1
| #define HAVE_STDINT_H 1
| #define HAVE_UNISTD_H 1
| #define __EXTENSIONS__ 1
| #define _ALL_SOURCE 1
| #define _GNU_SOURCE 1
| #define _POSIX_PTHREAD_SEMANTICS 1
| #define _TANDEM_SOURCE 1
| #define HAVE_PTHREAD_PRIO_INHERIT 1
| #define HAVE_PTHREAD 1
| #define HAVE_DLFCN_H 1
| #define LT_OBJDIR ".libs/"
| #define HAVE_CFPREFERENCESCOPYAPPVALUE 1
| #define HAVE_CFLOCALECOPYCURRENT 1
| #define HAVE_ICONV 1
| /* end confdefs.h.  */
| #include <libintl.h>
| 
| extern int _nl_msg_cat_cntr;
| extern
| #ifdef __cplusplus
| "C"
| #endif
| const char *_nl_expand_alias (const char *);
| int
| main ()
| {
| bindtextdomain ("", "");
| return * gettext ("") + _nl_msg_cat_cntr + *_nl_expand_alias ("")
|   ;
|   return 0;
| }
configure:16378: gcc -o conftest -fPIC    conftest.c   -lintl -liconv >&5
conftest.c:61:10: fatal error: 'libintl.h' file not found
#include <libintl.h>
         ^~~~~~~~~~~
1 error generated.
configure:16378: $? = 1
configure: failed program was:
| /* confdefs.h */
| #define PACKAGE_NAME "XZ Utils"
| #define PACKAGE_TARNAME "xz"
| #define PACKAGE_VERSION "5.0.5"
| #define PACKAGE_STRING "XZ Utils 5.0.5"
| #define PACKAGE_BUGREPORT "lasse.collin@tukaani.org"
| #define PACKAGE_URL "http://tukaani.org/xz/"
| #define NDEBUG 1
| #define HAVE_ENCODER_LZMA1 1
| #define HAVE_ENCODER_LZMA2 1
| #define HAVE_ENCODER_DELTA 1
| #define HAVE_ENCODER_X86 1
| #define HAVE_ENCODER_POWERPC 1
| #define HAVE_ENCODER_IA64 1
| #define HAVE_ENCODER_ARM 1
| #define HAVE_ENCODER_ARMTHUMB 1
| #define HAVE_ENCODER_SPARC 1
| #define HAVE_DECODER_LZMA1 1
| #define HAVE_DECODER_LZMA2 1
| #define HAVE_DECODER_DELTA 1
| #define HAVE_DECODER_X86 1
| #define HAVE_DECODER_POWERPC 1
| #define HAVE_DECODER_IA64 1
| #define HAVE_DECODER_ARM 1
| #define HAVE_DECODER_ARMTHUMB 1
| #define HAVE_DECODER_SPARC 1
| #define HAVE_MF_HC3 1
| #define HAVE_MF_HC4 1
| #define HAVE_MF_BT2 1
| #define HAVE_MF_BT3 1
| #define HAVE_MF_BT4 1
| #define HAVE_CHECK_CRC32 1
| #define HAVE_CHECK_CRC64 1
| #define HAVE_CHECK_SHA256 1
| #define ASSUME_RAM 128
| #define PACKAGE "xz"
| #define VERSION "5.0.5"
| #define STDC_HEADERS 1
| #define HAVE_SYS_TYPES_H 1
| #define HAVE_SYS_STAT_H 1
| #define HAVE_STDLIB_H 1
| #define HAVE_STRING_H 1
| #define HAVE_MEMORY_H 1
| #define HAVE_STRINGS_H 1
| #define HAVE_INTTYPES_H 1
| #define HAVE_STDINT_H 1
| #define HAVE_UNISTD_H 1
| #define __EXTENSIONS__ 1
| #define _ALL_SOURCE 1
| #define _GNU_SOURCE 1
| #define _POSIX_PTHREAD_SEMANTICS 1
| #define _TANDEM_SOURCE 1
| #define HAVE_PTHREAD_PRIO_INHERIT 1
| #define HAVE_PTHREAD 1
| #define HAVE_DLFCN_H 1
| #define LT_OBJDIR ".libs/"
| #define HAVE_CFPREFERENCESCOPYAPPVALUE 1
| #define HAVE_CFLOCALECOPYCURRENT 1
| #define HAVE_ICONV 1
| /* end confdefs.h.  */
| #include <libintl.h>
| 
| extern int _nl_msg_cat_cntr;
| extern
| #ifdef __cplusplus
| "C"
| #endif
| const char *_nl_expand_alias (const char *);
| int
| main ()
| {
| bindtextdomain ("", "");
| return * gettext ("") + _nl_msg_cat_cntr + *_nl_expand_alias ("")
|   ;
|   return 0;
| }
configure:16391: result: no
configure:16426: checking whether to use NLS
configure:16428: result: no
configure:16512: checking fcntl.h usability
configure:16512: gcc -c -fPIC  conftest.c >&5
configure:16512: $? = 0
configure:16512: result: yes
configure:16512: checking fcntl.h presence
configure:16512: gcc -E  conftest.c
configure:16512: $? = 0
configure:16512: result: yes
configure:16512: checking for fcntl.h
configure:16512: result: yes
configure:16512: checking limits.h usability
configure:16512: gcc -c -fPIC  conftest.c >&5
configure:16512: $? = 0
configure:16512: result: yes
configure:16512: checking limits.h presence
configure:16512: gcc -E  conftest.c
configure:16512: $? = 0
configure:16512: result: yes
configure:16512: checking for limits.h
configure:16512: result: yes
configure:16512: checking sys/time.h usability
configure:16512: gcc -c -fPIC  conftest.c >&5
configure:16512: $? = 0
configure:16512: result: yes
configure:16512: checking sys/time.h presence
configure:16512: gcc -E  conftest.c
configure:16512: $? = 0
configure:16512: result: yes
configure:16512: checking for sys/time.h
configure:16512: result: yes
configure:16531: checking for stdbool.h that conforms to C99
configure:16598: gcc -c -fPIC  conftest.c >&5
conftest.c:113:24: warning: address of 's' will always evaluate to 'true' [-Wpointer-bool-conversion]
             bool e = &s;
                  ~    ^
conftest.c:117:23: warning: address of array 'a' will always evaluate to 'true' [-Wpointer-bool-conversion]
             return (!a + !b + !c + !d + !e + !f + !g + !h + !i + !!j + !k + !!l
                     ~^
conftest.c:117:28: warning: address of array 'b' will always evaluate to 'true' [-Wpointer-bool-conversion]
             return (!a + !b + !c + !d + !e + !f + !g + !h + !i + !!j + !k + !!l
                          ~^
conftest.c:117:33: warning: address of array 'c' will always evaluate to 'true' [-Wpointer-bool-conversion]
             return (!a + !b + !c + !d + !e + !f + !g + !h + !i + !!j + !k + !!l
                               ~^
conftest.c:117:38: warning: address of array 'd' will always evaluate to 'true' [-Wpointer-bool-conversion]
             return (!a + !b + !c + !d + !e + !f + !g + !h + !i + !!j + !k + !!l
                                    ~^
conftest.c:117:48: warning: address of array 'f' will always evaluate to 'true' [-Wpointer-bool-conversion]
             return (!a + !b + !c + !d + !e + !f + !g + !h + !i + !!j + !k + !!l
                                              ~^
conftest.c:117:53: warning: address of array 'g' will always evaluate to 'true' [-Wpointer-bool-conversion]
             return (!a + !b + !c + !d + !e + !f + !g + !h + !i + !!j + !k + !!l
                                                   ~^
conftest.c:117:58: warning: address of array 'h' will always evaluate to 'true' [-Wpointer-bool-conversion]
             return (!a + !b + !c + !d + !e + !f + !g + !h + !i + !!j + !k + !!l
                                                        ~^
conftest.c:117:63: warning: address of array 'i' will always evaluate to 'true' [-Wpointer-bool-conversion]
             return (!a + !b + !c + !d + !e + !f + !g + !h + !i + !!j + !k + !!l
                                                             ~^
conftest.c:118:30: warning: address of array 'n' will always evaluate to 'true' [-Wpointer-bool-conversion]
                            ~^
conftest.c:118:35: warning: address of array 'o' will always evaluate to 'true' [-Wpointer-bool-conversion]
                                 ~^
conftest.c:118:40: warning: address of array 'p' will always evaluate to 'true' [-Wpointer-bool-conversion]
                                      ~^
12 warnings generated.
configure:16598: $? = 0
configure:16605: result: yes
configure:16607: checking for _Bool
configure:16607: gcc -c -fPIC  conftest.c >&5
configure:16607: $? = 0
configure:16607: gcc -c -fPIC  conftest.c >&5
conftest.c:100:20: error: expected expression
if (sizeof ((_Bool)))
                   ^
1 error generated.
configure:16607: $? = 1
configure: failed program was:
| /* confdefs.h */
| #define PACKAGE_NAME "XZ Utils"
| #define PACKAGE_TARNAME "xz"
| #define PACKAGE_VERSION "5.0.5"
| #define PACKAGE_STRING "XZ Utils 5.0.5"
| #define PACKAGE_BUGREPORT "lasse.collin@tukaani.org"
| #define PACKAGE_URL "http://tukaani.org/xz/"
| #define NDEBUG 1
| #define HAVE_ENCODER_LZMA1 1
| #define HAVE_ENCODER_LZMA2 1
| #define HAVE_ENCODER_DELTA 1
| #define HAVE_ENCODER_X86 1
| #define HAVE_ENCODER_POWERPC 1
| #define HAVE_ENCODER_IA64 1
| #define HAVE_ENCODER_ARM 1
| #define HAVE_ENCODER_ARMTHUMB 1
| #define HAVE_ENCODER_SPARC 1
| #define HAVE_DECODER_LZMA1 1
| #define HAVE_DECODER_LZMA2 1
| #define HAVE_DECODER_DELTA 1
| #define HAVE_DECODER_X86 1
| #define HAVE_DECODER_POWERPC 1
| #define HAVE_DECODER_IA64 1
| #define HAVE_DECODER_ARM 1
| #define HAVE_DECODER_ARMTHUMB 1
| #define HAVE_DECODER_SPARC 1
| #define HAVE_MF_HC3 1
| #define HAVE_MF_HC4 1
| #define HAVE_MF_BT2 1
| #define HAVE_MF_BT3 1
| #define HAVE_MF_BT4 1
| #define HAVE_CHECK_CRC32 1
| #define HAVE_CHECK_CRC64 1
| #define HAVE_CHECK_SHA256 1
| #define ASSUME_RAM 128
| #define PACKAGE "xz"
| #define VERSION "5.0.5"
| #define STDC_HEADERS 1
| #define HAVE_SYS_TYPES_H 1
| #define HAVE_SYS_STAT_H 1
| #define HAVE_STDLIB_H 1
| #define HAVE_STRING_H 1
| #define HAVE_MEMORY_H 1
| #define HAVE_STRINGS_H 1
| #define HAVE_INTTYPES_H 1
| #define HAVE_STDINT_H 1
| #define HAVE_UNISTD_H 1
| #define __EXTENSIONS__ 1
| #define _ALL_SOURCE 1
| #define _GNU_SOURCE 1
| #define _POSIX_PTHREAD_SEMANTICS 1
| #define _TANDEM_SOURCE 1
| #define HAVE_PTHREAD_PRIO_INHERIT 1
| #define HAVE_PTHREAD 1
| #define HAVE_DLFCN_H 1
| #define LT_OBJDIR ".libs/"
| #define HAVE_CFPREFERENCESCOPYAPPVALUE 1
| #define HAVE_CFLOCALECOPYCURRENT 1
| #define HAVE_ICONV 1
| #define HAVE_FCNTL_H 1
| #define HAVE_LIMITS_H 1
| #define HAVE_SYS_TIME_H 1
| /* end confdefs.h.  */
| #include <stdio.h>
| #ifdef HAVE_SYS_TYPES_H
| # include <sys/types.h>
| #endif
| #ifdef HAVE_SYS_STAT_H
| # include <sys/stat.h>
| #endif
| #ifdef STDC_HEADERS
| # include <stdlib.h>
| # include <stddef.h>
| #else
| # ifdef HAVE_STDLIB_H
| #  include <stdlib.h>
| # endif
| #endif
| #ifdef HAVE_STRING_H
| # if !defined STDC_HEADERS && defined HAVE_MEMORY_H
| #  include <memory.h>
| # endif
| # include <string.h>
| #endif
| #ifdef HAVE_STRINGS_H
| # include <strings.h>
| #endif
| #ifdef HAVE_INTTYPES_H
| # include <inttypes.h>
| #endif
| #ifdef HAVE_STDINT_H
| # include <stdint.h>
| #endif
| #ifdef HAVE_UNISTD_H
| # include <unistd.h>
| #endif
| int
| main ()
| {
| if (sizeof ((_Bool)))
| 	    return 0;
|   ;
|   return 0;
| }
configure:16607: result: yes
configure:16625: checking for uint8_t
configure:16625: gcc -c -fPIC  conftest.c >&5
configure:16625: $? = 0
configure:16625: result: yes
configure:16639: checking for uint16_t
configure:16639: gcc -c -fPIC  conftest.c >&5
configure:16639: $? = 0
configure:16639: result: yes
configure:16651: checking for int32_t
configure:16651: gcc -c -fPIC  conftest.c >&5
configure:16651: $? = 0
configure:16651: gcc -c -fPIC  conftest.c >&5
conftest.c:103:24: error: 'test_array' declared as an array with a negative size
static int test_array [1 - 2 * !((int32_t) (((((int32_t) 1 << N) << N) - 1) * 2 + 1)
                       ^~~~~~~~~~~~~~~~~~~~~~~~~~~~~~~~~~~~~~~~~~~~~~~~~~~~~~~~~~~~~
1 error generated.
configure:16651: $? = 1
configure: failed program was:
| /* confdefs.h */
| #define PACKAGE_NAME "XZ Utils"
| #define PACKAGE_TARNAME "xz"
| #define PACKAGE_VERSION "5.0.5"
| #define PACKAGE_STRING "XZ Utils 5.0.5"
| #define PACKAGE_BUGREPORT "lasse.collin@tukaani.org"
| #define PACKAGE_URL "http://tukaani.org/xz/"
| #define NDEBUG 1
| #define HAVE_ENCODER_LZMA1 1
| #define HAVE_ENCODER_LZMA2 1
| #define HAVE_ENCODER_DELTA 1
| #define HAVE_ENCODER_X86 1
| #define HAVE_ENCODER_POWERPC 1
| #define HAVE_ENCODER_IA64 1
| #define HAVE_ENCODER_ARM 1
| #define HAVE_ENCODER_ARMTHUMB 1
| #define HAVE_ENCODER_SPARC 1
| #define HAVE_DECODER_LZMA1 1
| #define HAVE_DECODER_LZMA2 1
| #define HAVE_DECODER_DELTA 1
| #define HAVE_DECODER_X86 1
| #define HAVE_DECODER_POWERPC 1
| #define HAVE_DECODER_IA64 1
| #define HAVE_DECODER_ARM 1
| #define HAVE_DECODER_ARMTHUMB 1
| #define HAVE_DECODER_SPARC 1
| #define HAVE_MF_HC3 1
| #define HAVE_MF_HC4 1
| #define HAVE_MF_BT2 1
| #define HAVE_MF_BT3 1
| #define HAVE_MF_BT4 1
| #define HAVE_CHECK_CRC32 1
| #define HAVE_CHECK_CRC64 1
| #define HAVE_CHECK_SHA256 1
| #define ASSUME_RAM 128
| #define PACKAGE "xz"
| #define VERSION "5.0.5"
| #define STDC_HEADERS 1
| #define HAVE_SYS_TYPES_H 1
| #define HAVE_SYS_STAT_H 1
| #define HAVE_STDLIB_H 1
| #define HAVE_STRING_H 1
| #define HAVE_MEMORY_H 1
| #define HAVE_STRINGS_H 1
| #define HAVE_INTTYPES_H 1
| #define HAVE_STDINT_H 1
| #define HAVE_UNISTD_H 1
| #define __EXTENSIONS__ 1
| #define _ALL_SOURCE 1
| #define _GNU_SOURCE 1
| #define _POSIX_PTHREAD_SEMANTICS 1
| #define _TANDEM_SOURCE 1
| #define HAVE_PTHREAD_PRIO_INHERIT 1
| #define HAVE_PTHREAD 1
| #define HAVE_DLFCN_H 1
| #define LT_OBJDIR ".libs/"
| #define HAVE_CFPREFERENCESCOPYAPPVALUE 1
| #define HAVE_CFLOCALECOPYCURRENT 1
| #define HAVE_ICONV 1
| #define HAVE_FCNTL_H 1
| #define HAVE_LIMITS_H 1
| #define HAVE_SYS_TIME_H 1
| #define HAVE__BOOL 1
| #define HAVE_STDBOOL_H 1
| /* end confdefs.h.  */
| #include <stdio.h>
| #ifdef HAVE_SYS_TYPES_H
| # include <sys/types.h>
| #endif
| #ifdef HAVE_SYS_STAT_H
| # include <sys/stat.h>
| #endif
| #ifdef STDC_HEADERS
| # include <stdlib.h>
| # include <stddef.h>
| #else
| # ifdef HAVE_STDLIB_H
| #  include <stdlib.h>
| # endif
| #endif
| #ifdef HAVE_STRING_H
| # if !defined STDC_HEADERS && defined HAVE_MEMORY_H
| #  include <memory.h>
| # endif
| # include <string.h>
| #endif
| #ifdef HAVE_STRINGS_H
| # include <strings.h>
| #endif
| #ifdef HAVE_INTTYPES_H
| # include <inttypes.h>
| #endif
| #ifdef HAVE_STDINT_H
| # include <stdint.h>
| #endif
| #ifdef HAVE_UNISTD_H
| # include <unistd.h>
| #endif
| 	        enum { N = 32 / 2 - 1 };
| int
| main ()
| {
| static int test_array [1 - 2 * !((int32_t) (((((int32_t) 1 << N) << N) - 1) * 2 + 1)
| 		 < (int32_t) (((((int32_t) 1 << N) << N) - 1) * 2 + 2))];
| test_array [0] = 0;
| return test_array [0];
| 
|   ;
|   return 0;
| }
configure:16651: result: yes
configure:16662: checking for uint32_t
configure:16662: gcc -c -fPIC  conftest.c >&5
configure:16662: $? = 0
configure:16662: result: yes
configure:16676: checking for int64_t
configure:16676: gcc -c -fPIC  conftest.c >&5
configure:16676: $? = 0
configure:16676: gcc -c -fPIC  conftest.c >&5
conftest.c:103:24: error: 'test_array' declared as an array with a negative size
static int test_array [1 - 2 * !((int64_t) (((((int64_t) 1 << N) << N) - 1) * 2 + 1)
                       ^~~~~~~~~~~~~~~~~~~~~~~~~~~~~~~~~~~~~~~~~~~~~~~~~~~~~~~~~~~~~
1 error generated.
configure:16676: $? = 1
configure: failed program was:
| /* confdefs.h */
| #define PACKAGE_NAME "XZ Utils"
| #define PACKAGE_TARNAME "xz"
| #define PACKAGE_VERSION "5.0.5"
| #define PACKAGE_STRING "XZ Utils 5.0.5"
| #define PACKAGE_BUGREPORT "lasse.collin@tukaani.org"
| #define PACKAGE_URL "http://tukaani.org/xz/"
| #define NDEBUG 1
| #define HAVE_ENCODER_LZMA1 1
| #define HAVE_ENCODER_LZMA2 1
| #define HAVE_ENCODER_DELTA 1
| #define HAVE_ENCODER_X86 1
| #define HAVE_ENCODER_POWERPC 1
| #define HAVE_ENCODER_IA64 1
| #define HAVE_ENCODER_ARM 1
| #define HAVE_ENCODER_ARMTHUMB 1
| #define HAVE_ENCODER_SPARC 1
| #define HAVE_DECODER_LZMA1 1
| #define HAVE_DECODER_LZMA2 1
| #define HAVE_DECODER_DELTA 1
| #define HAVE_DECODER_X86 1
| #define HAVE_DECODER_POWERPC 1
| #define HAVE_DECODER_IA64 1
| #define HAVE_DECODER_ARM 1
| #define HAVE_DECODER_ARMTHUMB 1
| #define HAVE_DECODER_SPARC 1
| #define HAVE_MF_HC3 1
| #define HAVE_MF_HC4 1
| #define HAVE_MF_BT2 1
| #define HAVE_MF_BT3 1
| #define HAVE_MF_BT4 1
| #define HAVE_CHECK_CRC32 1
| #define HAVE_CHECK_CRC64 1
| #define HAVE_CHECK_SHA256 1
| #define ASSUME_RAM 128
| #define PACKAGE "xz"
| #define VERSION "5.0.5"
| #define STDC_HEADERS 1
| #define HAVE_SYS_TYPES_H 1
| #define HAVE_SYS_STAT_H 1
| #define HAVE_STDLIB_H 1
| #define HAVE_STRING_H 1
| #define HAVE_MEMORY_H 1
| #define HAVE_STRINGS_H 1
| #define HAVE_INTTYPES_H 1
| #define HAVE_STDINT_H 1
| #define HAVE_UNISTD_H 1
| #define __EXTENSIONS__ 1
| #define _ALL_SOURCE 1
| #define _GNU_SOURCE 1
| #define _POSIX_PTHREAD_SEMANTICS 1
| #define _TANDEM_SOURCE 1
| #define HAVE_PTHREAD_PRIO_INHERIT 1
| #define HAVE_PTHREAD 1
| #define HAVE_DLFCN_H 1
| #define LT_OBJDIR ".libs/"
| #define HAVE_CFPREFERENCESCOPYAPPVALUE 1
| #define HAVE_CFLOCALECOPYCURRENT 1
| #define HAVE_ICONV 1
| #define HAVE_FCNTL_H 1
| #define HAVE_LIMITS_H 1
| #define HAVE_SYS_TIME_H 1
| #define HAVE__BOOL 1
| #define HAVE_STDBOOL_H 1
| /* end confdefs.h.  */
| #include <stdio.h>
| #ifdef HAVE_SYS_TYPES_H
| # include <sys/types.h>
| #endif
| #ifdef HAVE_SYS_STAT_H
| # include <sys/stat.h>
| #endif
| #ifdef STDC_HEADERS
| # include <stdlib.h>
| # include <stddef.h>
| #else
| # ifdef HAVE_STDLIB_H
| #  include <stdlib.h>
| # endif
| #endif
| #ifdef HAVE_STRING_H
| # if !defined STDC_HEADERS && defined HAVE_MEMORY_H
| #  include <memory.h>
| # endif
| # include <string.h>
| #endif
| #ifdef HAVE_STRINGS_H
| # include <strings.h>
| #endif
| #ifdef HAVE_INTTYPES_H
| # include <inttypes.h>
| #endif
| #ifdef HAVE_STDINT_H
| # include <stdint.h>
| #endif
| #ifdef HAVE_UNISTD_H
| # include <unistd.h>
| #endif
| 	        enum { N = 64 / 2 - 1 };
| int
| main ()
| {
| static int test_array [1 - 2 * !((int64_t) (((((int64_t) 1 << N) << N) - 1) * 2 + 1)
| 		 < (int64_t) (((((int64_t) 1 << N) << N) - 1) * 2 + 2))];
| test_array [0] = 0;
| return test_array [0];
| 
|   ;
|   return 0;
| }
configure:16676: result: yes
configure:16687: checking for uint64_t
configure:16687: gcc -c -fPIC  conftest.c >&5
configure:16687: $? = 0
configure:16687: result: yes
configure:16702: checking for uintptr_t
configure:16702: gcc -c -fPIC  conftest.c >&5
configure:16702: $? = 0
configure:16702: gcc -c -fPIC  conftest.c >&5
conftest.c:102:24: error: expected expression
if (sizeof ((uintptr_t)))
                       ^
1 error generated.
configure:16702: $? = 1
configure: failed program was:
| /* confdefs.h */
| #define PACKAGE_NAME "XZ Utils"
| #define PACKAGE_TARNAME "xz"
| #define PACKAGE_VERSION "5.0.5"
| #define PACKAGE_STRING "XZ Utils 5.0.5"
| #define PACKAGE_BUGREPORT "lasse.collin@tukaani.org"
| #define PACKAGE_URL "http://tukaani.org/xz/"
| #define NDEBUG 1
| #define HAVE_ENCODER_LZMA1 1
| #define HAVE_ENCODER_LZMA2 1
| #define HAVE_ENCODER_DELTA 1
| #define HAVE_ENCODER_X86 1
| #define HAVE_ENCODER_POWERPC 1
| #define HAVE_ENCODER_IA64 1
| #define HAVE_ENCODER_ARM 1
| #define HAVE_ENCODER_ARMTHUMB 1
| #define HAVE_ENCODER_SPARC 1
| #define HAVE_DECODER_LZMA1 1
| #define HAVE_DECODER_LZMA2 1
| #define HAVE_DECODER_DELTA 1
| #define HAVE_DECODER_X86 1
| #define HAVE_DECODER_POWERPC 1
| #define HAVE_DECODER_IA64 1
| #define HAVE_DECODER_ARM 1
| #define HAVE_DECODER_ARMTHUMB 1
| #define HAVE_DECODER_SPARC 1
| #define HAVE_MF_HC3 1
| #define HAVE_MF_HC4 1
| #define HAVE_MF_BT2 1
| #define HAVE_MF_BT3 1
| #define HAVE_MF_BT4 1
| #define HAVE_CHECK_CRC32 1
| #define HAVE_CHECK_CRC64 1
| #define HAVE_CHECK_SHA256 1
| #define ASSUME_RAM 128
| #define PACKAGE "xz"
| #define VERSION "5.0.5"
| #define STDC_HEADERS 1
| #define HAVE_SYS_TYPES_H 1
| #define HAVE_SYS_STAT_H 1
| #define HAVE_STDLIB_H 1
| #define HAVE_STRING_H 1
| #define HAVE_MEMORY_H 1
| #define HAVE_STRINGS_H 1
| #define HAVE_INTTYPES_H 1
| #define HAVE_STDINT_H 1
| #define HAVE_UNISTD_H 1
| #define __EXTENSIONS__ 1
| #define _ALL_SOURCE 1
| #define _GNU_SOURCE 1
| #define _POSIX_PTHREAD_SEMANTICS 1
| #define _TANDEM_SOURCE 1
| #define HAVE_PTHREAD_PRIO_INHERIT 1
| #define HAVE_PTHREAD 1
| #define HAVE_DLFCN_H 1
| #define LT_OBJDIR ".libs/"
| #define HAVE_CFPREFERENCESCOPYAPPVALUE 1
| #define HAVE_CFLOCALECOPYCURRENT 1
| #define HAVE_ICONV 1
| #define HAVE_FCNTL_H 1
| #define HAVE_LIMITS_H 1
| #define HAVE_SYS_TIME_H 1
| #define HAVE__BOOL 1
| #define HAVE_STDBOOL_H 1
| /* end confdefs.h.  */
| #include <stdio.h>
| #ifdef HAVE_SYS_TYPES_H
| # include <sys/types.h>
| #endif
| #ifdef HAVE_SYS_STAT_H
| # include <sys/stat.h>
| #endif
| #ifdef STDC_HEADERS
| # include <stdlib.h>
| # include <stddef.h>
| #else
| # ifdef HAVE_STDLIB_H
| #  include <stdlib.h>
| # endif
| #endif
| #ifdef HAVE_STRING_H
| # if !defined STDC_HEADERS && defined HAVE_MEMORY_H
| #  include <memory.h>
| # endif
| # include <string.h>
| #endif
| #ifdef HAVE_STRINGS_H
| # include <strings.h>
| #endif
| #ifdef HAVE_INTTYPES_H
| # include <inttypes.h>
| #endif
| #ifdef HAVE_STDINT_H
| # include <stdint.h>
| #endif
| #ifdef HAVE_UNISTD_H
| # include <unistd.h>
| #endif
| int
| main ()
| {
| if (sizeof ((uintptr_t)))
| 	    return 0;
|   ;
|   return 0;
| }
configure:16702: result: yes
configure:16743: checking size of size_t
configure:16748: gcc -o conftest -fPIC   conftest.c   >&5
configure:16748: $? = 0
configure:16748: ./conftest
configure:16748: $? = 0
configure:16762: result: 8
configure:16776: checking for struct stat.st_atim.tv_nsec
configure:16776: gcc -c -fPIC  conftest.c >&5
conftest.c:105:13: error: no member named 'st_atim' in 'struct stat'
if (ac_aggr.st_atim.tv_nsec)
    ~~~~~~~ ^
1 error generated.
configure:16776: $? = 1
configure: failed program was:
| /* confdefs.h */
| #define PACKAGE_NAME "XZ Utils"
| #define PACKAGE_TARNAME "xz"
| #define PACKAGE_VERSION "5.0.5"
| #define PACKAGE_STRING "XZ Utils 5.0.5"
| #define PACKAGE_BUGREPORT "lasse.collin@tukaani.org"
| #define PACKAGE_URL "http://tukaani.org/xz/"
| #define NDEBUG 1
| #define HAVE_ENCODER_LZMA1 1
| #define HAVE_ENCODER_LZMA2 1
| #define HAVE_ENCODER_DELTA 1
| #define HAVE_ENCODER_X86 1
| #define HAVE_ENCODER_POWERPC 1
| #define HAVE_ENCODER_IA64 1
| #define HAVE_ENCODER_ARM 1
| #define HAVE_ENCODER_ARMTHUMB 1
| #define HAVE_ENCODER_SPARC 1
| #define HAVE_DECODER_LZMA1 1
| #define HAVE_DECODER_LZMA2 1
| #define HAVE_DECODER_DELTA 1
| #define HAVE_DECODER_X86 1
| #define HAVE_DECODER_POWERPC 1
| #define HAVE_DECODER_IA64 1
| #define HAVE_DECODER_ARM 1
| #define HAVE_DECODER_ARMTHUMB 1
| #define HAVE_DECODER_SPARC 1
| #define HAVE_MF_HC3 1
| #define HAVE_MF_HC4 1
| #define HAVE_MF_BT2 1
| #define HAVE_MF_BT3 1
| #define HAVE_MF_BT4 1
| #define HAVE_CHECK_CRC32 1
| #define HAVE_CHECK_CRC64 1
| #define HAVE_CHECK_SHA256 1
| #define ASSUME_RAM 128
| #define PACKAGE "xz"
| #define VERSION "5.0.5"
| #define STDC_HEADERS 1
| #define HAVE_SYS_TYPES_H 1
| #define HAVE_SYS_STAT_H 1
| #define HAVE_STDLIB_H 1
| #define HAVE_STRING_H 1
| #define HAVE_MEMORY_H 1
| #define HAVE_STRINGS_H 1
| #define HAVE_INTTYPES_H 1
| #define HAVE_STDINT_H 1
| #define HAVE_UNISTD_H 1
| #define __EXTENSIONS__ 1
| #define _ALL_SOURCE 1
| #define _GNU_SOURCE 1
| #define _POSIX_PTHREAD_SEMANTICS 1
| #define _TANDEM_SOURCE 1
| #define HAVE_PTHREAD_PRIO_INHERIT 1
| #define HAVE_PTHREAD 1
| #define HAVE_DLFCN_H 1
| #define LT_OBJDIR ".libs/"
| #define HAVE_CFPREFERENCESCOPYAPPVALUE 1
| #define HAVE_CFLOCALECOPYCURRENT 1
| #define HAVE_ICONV 1
| #define HAVE_FCNTL_H 1
| #define HAVE_LIMITS_H 1
| #define HAVE_SYS_TIME_H 1
| #define HAVE__BOOL 1
| #define HAVE_STDBOOL_H 1
| #define HAVE_UINTPTR_T 1
| #define SIZEOF_SIZE_T 8
| /* end confdefs.h.  */
| #include <stdio.h>
| #ifdef HAVE_SYS_TYPES_H
| # include <sys/types.h>
| #endif
| #ifdef HAVE_SYS_STAT_H
| # include <sys/stat.h>
| #endif
| #ifdef STDC_HEADERS
| # include <stdlib.h>
| # include <stddef.h>
| #else
| # ifdef HAVE_STDLIB_H
| #  include <stdlib.h>
| # endif
| #endif
| #ifdef HAVE_STRING_H
| # if !defined STDC_HEADERS && defined HAVE_MEMORY_H
| #  include <memory.h>
| # endif
| # include <string.h>
| #endif
| #ifdef HAVE_STRINGS_H
| # include <strings.h>
| #endif
| #ifdef HAVE_INTTYPES_H
| # include <inttypes.h>
| #endif
| #ifdef HAVE_STDINT_H
| # include <stdint.h>
| #endif
| #ifdef HAVE_UNISTD_H
| # include <unistd.h>
| #endif
| int
| main ()
| {
| static struct stat ac_aggr;
| if (ac_aggr.st_atim.tv_nsec)
| return 0;
|   ;
|   return 0;
| }
configure:16776: gcc -c -fPIC  conftest.c >&5
conftest.c:105:20: error: no member named 'st_atim' in 'struct stat'
if (sizeof ac_aggr.st_atim.tv_nsec)
           ~~~~~~~ ^
1 error generated.
configure:16776: $? = 1
configure: failed program was:
| /* confdefs.h */
| #define PACKAGE_NAME "XZ Utils"
| #define PACKAGE_TARNAME "xz"
| #define PACKAGE_VERSION "5.0.5"
| #define PACKAGE_STRING "XZ Utils 5.0.5"
| #define PACKAGE_BUGREPORT "lasse.collin@tukaani.org"
| #define PACKAGE_URL "http://tukaani.org/xz/"
| #define NDEBUG 1
| #define HAVE_ENCODER_LZMA1 1
| #define HAVE_ENCODER_LZMA2 1
| #define HAVE_ENCODER_DELTA 1
| #define HAVE_ENCODER_X86 1
| #define HAVE_ENCODER_POWERPC 1
| #define HAVE_ENCODER_IA64 1
| #define HAVE_ENCODER_ARM 1
| #define HAVE_ENCODER_ARMTHUMB 1
| #define HAVE_ENCODER_SPARC 1
| #define HAVE_DECODER_LZMA1 1
| #define HAVE_DECODER_LZMA2 1
| #define HAVE_DECODER_DELTA 1
| #define HAVE_DECODER_X86 1
| #define HAVE_DECODER_POWERPC 1
| #define HAVE_DECODER_IA64 1
| #define HAVE_DECODER_ARM 1
| #define HAVE_DECODER_ARMTHUMB 1
| #define HAVE_DECODER_SPARC 1
| #define HAVE_MF_HC3 1
| #define HAVE_MF_HC4 1
| #define HAVE_MF_BT2 1
| #define HAVE_MF_BT3 1
| #define HAVE_MF_BT4 1
| #define HAVE_CHECK_CRC32 1
| #define HAVE_CHECK_CRC64 1
| #define HAVE_CHECK_SHA256 1
| #define ASSUME_RAM 128
| #define PACKAGE "xz"
| #define VERSION "5.0.5"
| #define STDC_HEADERS 1
| #define HAVE_SYS_TYPES_H 1
| #define HAVE_SYS_STAT_H 1
| #define HAVE_STDLIB_H 1
| #define HAVE_STRING_H 1
| #define HAVE_MEMORY_H 1
| #define HAVE_STRINGS_H 1
| #define HAVE_INTTYPES_H 1
| #define HAVE_STDINT_H 1
| #define HAVE_UNISTD_H 1
| #define __EXTENSIONS__ 1
| #define _ALL_SOURCE 1
| #define _GNU_SOURCE 1
| #define _POSIX_PTHREAD_SEMANTICS 1
| #define _TANDEM_SOURCE 1
| #define HAVE_PTHREAD_PRIO_INHERIT 1
| #define HAVE_PTHREAD 1
| #define HAVE_DLFCN_H 1
| #define LT_OBJDIR ".libs/"
| #define HAVE_CFPREFERENCESCOPYAPPVALUE 1
| #define HAVE_CFLOCALECOPYCURRENT 1
| #define HAVE_ICONV 1
| #define HAVE_FCNTL_H 1
| #define HAVE_LIMITS_H 1
| #define HAVE_SYS_TIME_H 1
| #define HAVE__BOOL 1
| #define HAVE_STDBOOL_H 1
| #define HAVE_UINTPTR_T 1
| #define SIZEOF_SIZE_T 8
| /* end confdefs.h.  */
| #include <stdio.h>
| #ifdef HAVE_SYS_TYPES_H
| # include <sys/types.h>
| #endif
| #ifdef HAVE_SYS_STAT_H
| # include <sys/stat.h>
| #endif
| #ifdef STDC_HEADERS
| # include <stdlib.h>
| # include <stddef.h>
| #else
| # ifdef HAVE_STDLIB_H
| #  include <stdlib.h>
| # endif
| #endif
| #ifdef HAVE_STRING_H
| # if !defined STDC_HEADERS && defined HAVE_MEMORY_H
| #  include <memory.h>
| # endif
| # include <string.h>
| #endif
| #ifdef HAVE_STRINGS_H
| # include <strings.h>
| #endif
| #ifdef HAVE_INTTYPES_H
| # include <inttypes.h>
| #endif
| #ifdef HAVE_STDINT_H
| # include <stdint.h>
| #endif
| #ifdef HAVE_UNISTD_H
| # include <unistd.h>
| #endif
| int
| main ()
| {
| static struct stat ac_aggr;
| if (sizeof ac_aggr.st_atim.tv_nsec)
| return 0;
|   ;
|   return 0;
| }
configure:16776: result: no
configure:16785: checking for struct stat.st_atimespec.tv_nsec
configure:16785: gcc -c -fPIC  conftest.c >&5
configure:16785: $? = 0
configure:16785: result: yes
configure:16794: checking for struct stat.st_atimensec
configure:16794: gcc -c -fPIC  conftest.c >&5
conftest.c:106:13: error: no member named 'st_atimensec' in 'struct stat'; did you mean 'st_atimespec'?
if (ac_aggr.st_atimensec)
            ^~~~~~~~~~~~
            st_atimespec
/Applications/Xcode.app/Contents/Developer/Platforms/MacOSX.platform/Developer/SDKs/MacOSX10.13.sdk/usr/include/sys/stat.h:182:13: note: 'st_atimespec' declared here
struct stat __DARWIN_STRUCT_STAT64;
            ^
/Applications/Xcode.app/Contents/Developer/Platforms/MacOSX.platform/Developer/SDKs/MacOSX10.13.sdk/usr/include/sys/stat.h:166:2: note: expanded from macro '__DARWIN_STRUCT_STAT64'
        __DARWIN_STRUCT_STAT64_TIMES \
        ^
/Applications/Xcode.app/Contents/Developer/Platforms/MacOSX.platform/Developer/SDKs/MacOSX10.13.sdk/usr/include/sys/stat.h:129:18: note: expanded from macro '__DARWIN_STRUCT_STAT64_TIMES'
        struct timespec st_atimespec;           /* time of last access */ \
                        ^
conftest.c:106:1: error: statement requires expression of scalar type ('struct timespec' invalid)
if (ac_aggr.st_atimensec)
^   ~~~~~~~~~~~~~~~~~~~~
2 errors generated.
configure:16794: $? = 1
configure: failed program was:
| /* confdefs.h */
| #define PACKAGE_NAME "XZ Utils"
| #define PACKAGE_TARNAME "xz"
| #define PACKAGE_VERSION "5.0.5"
| #define PACKAGE_STRING "XZ Utils 5.0.5"
| #define PACKAGE_BUGREPORT "lasse.collin@tukaani.org"
| #define PACKAGE_URL "http://tukaani.org/xz/"
| #define NDEBUG 1
| #define HAVE_ENCODER_LZMA1 1
| #define HAVE_ENCODER_LZMA2 1
| #define HAVE_ENCODER_DELTA 1
| #define HAVE_ENCODER_X86 1
| #define HAVE_ENCODER_POWERPC 1
| #define HAVE_ENCODER_IA64 1
| #define HAVE_ENCODER_ARM 1
| #define HAVE_ENCODER_ARMTHUMB 1
| #define HAVE_ENCODER_SPARC 1
| #define HAVE_DECODER_LZMA1 1
| #define HAVE_DECODER_LZMA2 1
| #define HAVE_DECODER_DELTA 1
| #define HAVE_DECODER_X86 1
| #define HAVE_DECODER_POWERPC 1
| #define HAVE_DECODER_IA64 1
| #define HAVE_DECODER_ARM 1
| #define HAVE_DECODER_ARMTHUMB 1
| #define HAVE_DECODER_SPARC 1
| #define HAVE_MF_HC3 1
| #define HAVE_MF_HC4 1
| #define HAVE_MF_BT2 1
| #define HAVE_MF_BT3 1
| #define HAVE_MF_BT4 1
| #define HAVE_CHECK_CRC32 1
| #define HAVE_CHECK_CRC64 1
| #define HAVE_CHECK_SHA256 1
| #define ASSUME_RAM 128
| #define PACKAGE "xz"
| #define VERSION "5.0.5"
| #define STDC_HEADERS 1
| #define HAVE_SYS_TYPES_H 1
| #define HAVE_SYS_STAT_H 1
| #define HAVE_STDLIB_H 1
| #define HAVE_STRING_H 1
| #define HAVE_MEMORY_H 1
| #define HAVE_STRINGS_H 1
| #define HAVE_INTTYPES_H 1
| #define HAVE_STDINT_H 1
| #define HAVE_UNISTD_H 1
| #define __EXTENSIONS__ 1
| #define _ALL_SOURCE 1
| #define _GNU_SOURCE 1
| #define _POSIX_PTHREAD_SEMANTICS 1
| #define _TANDEM_SOURCE 1
| #define HAVE_PTHREAD_PRIO_INHERIT 1
| #define HAVE_PTHREAD 1
| #define HAVE_DLFCN_H 1
| #define LT_OBJDIR ".libs/"
| #define HAVE_CFPREFERENCESCOPYAPPVALUE 1
| #define HAVE_CFLOCALECOPYCURRENT 1
| #define HAVE_ICONV 1
| #define HAVE_FCNTL_H 1
| #define HAVE_LIMITS_H 1
| #define HAVE_SYS_TIME_H 1
| #define HAVE__BOOL 1
| #define HAVE_STDBOOL_H 1
| #define HAVE_UINTPTR_T 1
| #define SIZEOF_SIZE_T 8
| #define HAVE_STRUCT_STAT_ST_ATIMESPEC_TV_NSEC 1
| /* end confdefs.h.  */
| #include <stdio.h>
| #ifdef HAVE_SYS_TYPES_H
| # include <sys/types.h>
| #endif
| #ifdef HAVE_SYS_STAT_H
| # include <sys/stat.h>
| #endif
| #ifdef STDC_HEADERS
| # include <stdlib.h>
| # include <stddef.h>
| #else
| # ifdef HAVE_STDLIB_H
| #  include <stdlib.h>
| # endif
| #endif
| #ifdef HAVE_STRING_H
| # if !defined STDC_HEADERS && defined HAVE_MEMORY_H
| #  include <memory.h>
| # endif
| # include <string.h>
| #endif
| #ifdef HAVE_STRINGS_H
| # include <strings.h>
| #endif
| #ifdef HAVE_INTTYPES_H
| # include <inttypes.h>
| #endif
| #ifdef HAVE_STDINT_H
| # include <stdint.h>
| #endif
| #ifdef HAVE_UNISTD_H
| # include <unistd.h>
| #endif
| int
| main ()
| {
| static struct stat ac_aggr;
| if (ac_aggr.st_atimensec)
| return 0;
|   ;
|   return 0;
| }
configure:16794: gcc -c -fPIC  conftest.c >&5
conftest.c:106:20: error: no member named 'st_atimensec' in 'struct stat'; did you mean 'st_atimespec'?
if (sizeof ac_aggr.st_atimensec)
                   ^~~~~~~~~~~~
                   st_atimespec
/Applications/Xcode.app/Contents/Developer/Platforms/MacOSX.platform/Developer/SDKs/MacOSX10.13.sdk/usr/include/sys/stat.h:182:13: note: 'st_atimespec' declared here
struct stat __DARWIN_STRUCT_STAT64;
            ^
/Applications/Xcode.app/Contents/Developer/Platforms/MacOSX.platform/Developer/SDKs/MacOSX10.13.sdk/usr/include/sys/stat.h:166:2: note: expanded from macro '__DARWIN_STRUCT_STAT64'
        __DARWIN_STRUCT_STAT64_TIMES \
        ^
/Applications/Xcode.app/Contents/Developer/Platforms/MacOSX.platform/Developer/SDKs/MacOSX10.13.sdk/usr/include/sys/stat.h:129:18: note: expanded from macro '__DARWIN_STRUCT_STAT64_TIMES'
        struct timespec st_atimespec;           /* time of last access */ \
                        ^
1 error generated.
configure:16794: $? = 1
configure: failed program was:
| /* confdefs.h */
| #define PACKAGE_NAME "XZ Utils"
| #define PACKAGE_TARNAME "xz"
| #define PACKAGE_VERSION "5.0.5"
| #define PACKAGE_STRING "XZ Utils 5.0.5"
| #define PACKAGE_BUGREPORT "lasse.collin@tukaani.org"
| #define PACKAGE_URL "http://tukaani.org/xz/"
| #define NDEBUG 1
| #define HAVE_ENCODER_LZMA1 1
| #define HAVE_ENCODER_LZMA2 1
| #define HAVE_ENCODER_DELTA 1
| #define HAVE_ENCODER_X86 1
| #define HAVE_ENCODER_POWERPC 1
| #define HAVE_ENCODER_IA64 1
| #define HAVE_ENCODER_ARM 1
| #define HAVE_ENCODER_ARMTHUMB 1
| #define HAVE_ENCODER_SPARC 1
| #define HAVE_DECODER_LZMA1 1
| #define HAVE_DECODER_LZMA2 1
| #define HAVE_DECODER_DELTA 1
| #define HAVE_DECODER_X86 1
| #define HAVE_DECODER_POWERPC 1
| #define HAVE_DECODER_IA64 1
| #define HAVE_DECODER_ARM 1
| #define HAVE_DECODER_ARMTHUMB 1
| #define HAVE_DECODER_SPARC 1
| #define HAVE_MF_HC3 1
| #define HAVE_MF_HC4 1
| #define HAVE_MF_BT2 1
| #define HAVE_MF_BT3 1
| #define HAVE_MF_BT4 1
| #define HAVE_CHECK_CRC32 1
| #define HAVE_CHECK_CRC64 1
| #define HAVE_CHECK_SHA256 1
| #define ASSUME_RAM 128
| #define PACKAGE "xz"
| #define VERSION "5.0.5"
| #define STDC_HEADERS 1
| #define HAVE_SYS_TYPES_H 1
| #define HAVE_SYS_STAT_H 1
| #define HAVE_STDLIB_H 1
| #define HAVE_STRING_H 1
| #define HAVE_MEMORY_H 1
| #define HAVE_STRINGS_H 1
| #define HAVE_INTTYPES_H 1
| #define HAVE_STDINT_H 1
| #define HAVE_UNISTD_H 1
| #define __EXTENSIONS__ 1
| #define _ALL_SOURCE 1
| #define _GNU_SOURCE 1
| #define _POSIX_PTHREAD_SEMANTICS 1
| #define _TANDEM_SOURCE 1
| #define HAVE_PTHREAD_PRIO_INHERIT 1
| #define HAVE_PTHREAD 1
| #define HAVE_DLFCN_H 1
| #define LT_OBJDIR ".libs/"
| #define HAVE_CFPREFERENCESCOPYAPPVALUE 1
| #define HAVE_CFLOCALECOPYCURRENT 1
| #define HAVE_ICONV 1
| #define HAVE_FCNTL_H 1
| #define HAVE_LIMITS_H 1
| #define HAVE_SYS_TIME_H 1
| #define HAVE__BOOL 1
| #define HAVE_STDBOOL_H 1
| #define HAVE_UINTPTR_T 1
| #define SIZEOF_SIZE_T 8
| #define HAVE_STRUCT_STAT_ST_ATIMESPEC_TV_NSEC 1
| /* end confdefs.h.  */
| #include <stdio.h>
| #ifdef HAVE_SYS_TYPES_H
| # include <sys/types.h>
| #endif
| #ifdef HAVE_SYS_STAT_H
| # include <sys/stat.h>
| #endif
| #ifdef STDC_HEADERS
| # include <stdlib.h>
| # include <stddef.h>
| #else
| # ifdef HAVE_STDLIB_H
| #  include <stdlib.h>
| # endif
| #endif
| #ifdef HAVE_STRING_H
| # if !defined STDC_HEADERS && defined HAVE_MEMORY_H
| #  include <memory.h>
| # endif
| # include <string.h>
| #endif
| #ifdef HAVE_STRINGS_H
| # include <strings.h>
| #endif
| #ifdef HAVE_INTTYPES_H
| # include <inttypes.h>
| #endif
| #ifdef HAVE_STDINT_H
| # include <stdint.h>
| #endif
| #ifdef HAVE_UNISTD_H
| # include <unistd.h>
| #endif
| int
| main ()
| {
| static struct stat ac_aggr;
| if (sizeof ac_aggr.st_atimensec)
| return 0;
|   ;
|   return 0;
| }
configure:16794: result: no
configure:16803: checking for struct stat.st_uatime
configure:16803: gcc -c -fPIC  conftest.c >&5
conftest.c:106:13: error: no member named 'st_uatime' in 'struct stat'
if (ac_aggr.st_uatime)
    ~~~~~~~ ^
1 error generated.
configure:16803: $? = 1
configure: failed program was:
| /* confdefs.h */
| #define PACKAGE_NAME "XZ Utils"
| #define PACKAGE_TARNAME "xz"
| #define PACKAGE_VERSION "5.0.5"
| #define PACKAGE_STRING "XZ Utils 5.0.5"
| #define PACKAGE_BUGREPORT "lasse.collin@tukaani.org"
| #define PACKAGE_URL "http://tukaani.org/xz/"
| #define NDEBUG 1
| #define HAVE_ENCODER_LZMA1 1
| #define HAVE_ENCODER_LZMA2 1
| #define HAVE_ENCODER_DELTA 1
| #define HAVE_ENCODER_X86 1
| #define HAVE_ENCODER_POWERPC 1
| #define HAVE_ENCODER_IA64 1
| #define HAVE_ENCODER_ARM 1
| #define HAVE_ENCODER_ARMTHUMB 1
| #define HAVE_ENCODER_SPARC 1
| #define HAVE_DECODER_LZMA1 1
| #define HAVE_DECODER_LZMA2 1
| #define HAVE_DECODER_DELTA 1
| #define HAVE_DECODER_X86 1
| #define HAVE_DECODER_POWERPC 1
| #define HAVE_DECODER_IA64 1
| #define HAVE_DECODER_ARM 1
| #define HAVE_DECODER_ARMTHUMB 1
| #define HAVE_DECODER_SPARC 1
| #define HAVE_MF_HC3 1
| #define HAVE_MF_HC4 1
| #define HAVE_MF_BT2 1
| #define HAVE_MF_BT3 1
| #define HAVE_MF_BT4 1
| #define HAVE_CHECK_CRC32 1
| #define HAVE_CHECK_CRC64 1
| #define HAVE_CHECK_SHA256 1
| #define ASSUME_RAM 128
| #define PACKAGE "xz"
| #define VERSION "5.0.5"
| #define STDC_HEADERS 1
| #define HAVE_SYS_TYPES_H 1
| #define HAVE_SYS_STAT_H 1
| #define HAVE_STDLIB_H 1
| #define HAVE_STRING_H 1
| #define HAVE_MEMORY_H 1
| #define HAVE_STRINGS_H 1
| #define HAVE_INTTYPES_H 1
| #define HAVE_STDINT_H 1
| #define HAVE_UNISTD_H 1
| #define __EXTENSIONS__ 1
| #define _ALL_SOURCE 1
| #define _GNU_SOURCE 1
| #define _POSIX_PTHREAD_SEMANTICS 1
| #define _TANDEM_SOURCE 1
| #define HAVE_PTHREAD_PRIO_INHERIT 1
| #define HAVE_PTHREAD 1
| #define HAVE_DLFCN_H 1
| #define LT_OBJDIR ".libs/"
| #define HAVE_CFPREFERENCESCOPYAPPVALUE 1
| #define HAVE_CFLOCALECOPYCURRENT 1
| #define HAVE_ICONV 1
| #define HAVE_FCNTL_H 1
| #define HAVE_LIMITS_H 1
| #define HAVE_SYS_TIME_H 1
| #define HAVE__BOOL 1
| #define HAVE_STDBOOL_H 1
| #define HAVE_UINTPTR_T 1
| #define SIZEOF_SIZE_T 8
| #define HAVE_STRUCT_STAT_ST_ATIMESPEC_TV_NSEC 1
| /* end confdefs.h.  */
| #include <stdio.h>
| #ifdef HAVE_SYS_TYPES_H
| # include <sys/types.h>
| #endif
| #ifdef HAVE_SYS_STAT_H
| # include <sys/stat.h>
| #endif
| #ifdef STDC_HEADERS
| # include <stdlib.h>
| # include <stddef.h>
| #else
| # ifdef HAVE_STDLIB_H
| #  include <stdlib.h>
| # endif
| #endif
| #ifdef HAVE_STRING_H
| # if !defined STDC_HEADERS && defined HAVE_MEMORY_H
| #  include <memory.h>
| # endif
| # include <string.h>
| #endif
| #ifdef HAVE_STRINGS_H
| # include <strings.h>
| #endif
| #ifdef HAVE_INTTYPES_H
| # include <inttypes.h>
| #endif
| #ifdef HAVE_STDINT_H
| # include <stdint.h>
| #endif
| #ifdef HAVE_UNISTD_H
| # include <unistd.h>
| #endif
| int
| main ()
| {
| static struct stat ac_aggr;
| if (ac_aggr.st_uatime)
| return 0;
|   ;
|   return 0;
| }
configure:16803: gcc -c -fPIC  conftest.c >&5
conftest.c:106:20: error: no member named 'st_uatime' in 'struct stat'
if (sizeof ac_aggr.st_uatime)
           ~~~~~~~ ^
1 error generated.
configure:16803: $? = 1
configure: failed program was:
| /* confdefs.h */
| #define PACKAGE_NAME "XZ Utils"
| #define PACKAGE_TARNAME "xz"
| #define PACKAGE_VERSION "5.0.5"
| #define PACKAGE_STRING "XZ Utils 5.0.5"
| #define PACKAGE_BUGREPORT "lasse.collin@tukaani.org"
| #define PACKAGE_URL "http://tukaani.org/xz/"
| #define NDEBUG 1
| #define HAVE_ENCODER_LZMA1 1
| #define HAVE_ENCODER_LZMA2 1
| #define HAVE_ENCODER_DELTA 1
| #define HAVE_ENCODER_X86 1
| #define HAVE_ENCODER_POWERPC 1
| #define HAVE_ENCODER_IA64 1
| #define HAVE_ENCODER_ARM 1
| #define HAVE_ENCODER_ARMTHUMB 1
| #define HAVE_ENCODER_SPARC 1
| #define HAVE_DECODER_LZMA1 1
| #define HAVE_DECODER_LZMA2 1
| #define HAVE_DECODER_DELTA 1
| #define HAVE_DECODER_X86 1
| #define HAVE_DECODER_POWERPC 1
| #define HAVE_DECODER_IA64 1
| #define HAVE_DECODER_ARM 1
| #define HAVE_DECODER_ARMTHUMB 1
| #define HAVE_DECODER_SPARC 1
| #define HAVE_MF_HC3 1
| #define HAVE_MF_HC4 1
| #define HAVE_MF_BT2 1
| #define HAVE_MF_BT3 1
| #define HAVE_MF_BT4 1
| #define HAVE_CHECK_CRC32 1
| #define HAVE_CHECK_CRC64 1
| #define HAVE_CHECK_SHA256 1
| #define ASSUME_RAM 128
| #define PACKAGE "xz"
| #define VERSION "5.0.5"
| #define STDC_HEADERS 1
| #define HAVE_SYS_TYPES_H 1
| #define HAVE_SYS_STAT_H 1
| #define HAVE_STDLIB_H 1
| #define HAVE_STRING_H 1
| #define HAVE_MEMORY_H 1
| #define HAVE_STRINGS_H 1
| #define HAVE_INTTYPES_H 1
| #define HAVE_STDINT_H 1
| #define HAVE_UNISTD_H 1
| #define __EXTENSIONS__ 1
| #define _ALL_SOURCE 1
| #define _GNU_SOURCE 1
| #define _POSIX_PTHREAD_SEMANTICS 1
| #define _TANDEM_SOURCE 1
| #define HAVE_PTHREAD_PRIO_INHERIT 1
| #define HAVE_PTHREAD 1
| #define HAVE_DLFCN_H 1
| #define LT_OBJDIR ".libs/"
| #define HAVE_CFPREFERENCESCOPYAPPVALUE 1
| #define HAVE_CFLOCALECOPYCURRENT 1
| #define HAVE_ICONV 1
| #define HAVE_FCNTL_H 1
| #define HAVE_LIMITS_H 1
| #define HAVE_SYS_TIME_H 1
| #define HAVE__BOOL 1
| #define HAVE_STDBOOL_H 1
| #define HAVE_UINTPTR_T 1
| #define SIZEOF_SIZE_T 8
| #define HAVE_STRUCT_STAT_ST_ATIMESPEC_TV_NSEC 1
| /* end confdefs.h.  */
| #include <stdio.h>
| #ifdef HAVE_SYS_TYPES_H
| # include <sys/types.h>
| #endif
| #ifdef HAVE_SYS_STAT_H
| # include <sys/stat.h>
| #endif
| #ifdef STDC_HEADERS
| # include <stdlib.h>
| # include <stddef.h>
| #else
| # ifdef HAVE_STDLIB_H
| #  include <stdlib.h>
| # endif
| #endif
| #ifdef HAVE_STRING_H
| # if !defined STDC_HEADERS && defined HAVE_MEMORY_H
| #  include <memory.h>
| # endif
| # include <string.h>
| #endif
| #ifdef HAVE_STRINGS_H
| # include <strings.h>
| #endif
| #ifdef HAVE_INTTYPES_H
| # include <inttypes.h>
| #endif
| #ifdef HAVE_STDINT_H
| # include <stdint.h>
| #endif
| #ifdef HAVE_UNISTD_H
| # include <unistd.h>
| #endif
| int
| main ()
| {
| static struct stat ac_aggr;
| if (sizeof ac_aggr.st_uatime)
| return 0;
|   ;
|   return 0;
| }
configure:16803: result: no
configure:16812: checking for struct stat.st_atim.st__tim.tv_nsec
configure:16812: gcc -c -fPIC  conftest.c >&5
conftest.c:106:13: error: no member named 'st_atim' in 'struct stat'
if (ac_aggr.st_atim.st__tim.tv_nsec)
    ~~~~~~~ ^
1 error generated.
configure:16812: $? = 1
configure: failed program was:
| /* confdefs.h */
| #define PACKAGE_NAME "XZ Utils"
| #define PACKAGE_TARNAME "xz"
| #define PACKAGE_VERSION "5.0.5"
| #define PACKAGE_STRING "XZ Utils 5.0.5"
| #define PACKAGE_BUGREPORT "lasse.collin@tukaani.org"
| #define PACKAGE_URL "http://tukaani.org/xz/"
| #define NDEBUG 1
| #define HAVE_ENCODER_LZMA1 1
| #define HAVE_ENCODER_LZMA2 1
| #define HAVE_ENCODER_DELTA 1
| #define HAVE_ENCODER_X86 1
| #define HAVE_ENCODER_POWERPC 1
| #define HAVE_ENCODER_IA64 1
| #define HAVE_ENCODER_ARM 1
| #define HAVE_ENCODER_ARMTHUMB 1
| #define HAVE_ENCODER_SPARC 1
| #define HAVE_DECODER_LZMA1 1
| #define HAVE_DECODER_LZMA2 1
| #define HAVE_DECODER_DELTA 1
| #define HAVE_DECODER_X86 1
| #define HAVE_DECODER_POWERPC 1
| #define HAVE_DECODER_IA64 1
| #define HAVE_DECODER_ARM 1
| #define HAVE_DECODER_ARMTHUMB 1
| #define HAVE_DECODER_SPARC 1
| #define HAVE_MF_HC3 1
| #define HAVE_MF_HC4 1
| #define HAVE_MF_BT2 1
| #define HAVE_MF_BT3 1
| #define HAVE_MF_BT4 1
| #define HAVE_CHECK_CRC32 1
| #define HAVE_CHECK_CRC64 1
| #define HAVE_CHECK_SHA256 1
| #define ASSUME_RAM 128
| #define PACKAGE "xz"
| #define VERSION "5.0.5"
| #define STDC_HEADERS 1
| #define HAVE_SYS_TYPES_H 1
| #define HAVE_SYS_STAT_H 1
| #define HAVE_STDLIB_H 1
| #define HAVE_STRING_H 1
| #define HAVE_MEMORY_H 1
| #define HAVE_STRINGS_H 1
| #define HAVE_INTTYPES_H 1
| #define HAVE_STDINT_H 1
| #define HAVE_UNISTD_H 1
| #define __EXTENSIONS__ 1
| #define _ALL_SOURCE 1
| #define _GNU_SOURCE 1
| #define _POSIX_PTHREAD_SEMANTICS 1
| #define _TANDEM_SOURCE 1
| #define HAVE_PTHREAD_PRIO_INHERIT 1
| #define HAVE_PTHREAD 1
| #define HAVE_DLFCN_H 1
| #define LT_OBJDIR ".libs/"
| #define HAVE_CFPREFERENCESCOPYAPPVALUE 1
| #define HAVE_CFLOCALECOPYCURRENT 1
| #define HAVE_ICONV 1
| #define HAVE_FCNTL_H 1
| #define HAVE_LIMITS_H 1
| #define HAVE_SYS_TIME_H 1
| #define HAVE__BOOL 1
| #define HAVE_STDBOOL_H 1
| #define HAVE_UINTPTR_T 1
| #define SIZEOF_SIZE_T 8
| #define HAVE_STRUCT_STAT_ST_ATIMESPEC_TV_NSEC 1
| /* end confdefs.h.  */
| #include <stdio.h>
| #ifdef HAVE_SYS_TYPES_H
| # include <sys/types.h>
| #endif
| #ifdef HAVE_SYS_STAT_H
| # include <sys/stat.h>
| #endif
| #ifdef STDC_HEADERS
| # include <stdlib.h>
| # include <stddef.h>
| #else
| # ifdef HAVE_STDLIB_H
| #  include <stdlib.h>
| # endif
| #endif
| #ifdef HAVE_STRING_H
| # if !defined STDC_HEADERS && defined HAVE_MEMORY_H
| #  include <memory.h>
| # endif
| # include <string.h>
| #endif
| #ifdef HAVE_STRINGS_H
| # include <strings.h>
| #endif
| #ifdef HAVE_INTTYPES_H
| # include <inttypes.h>
| #endif
| #ifdef HAVE_STDINT_H
| # include <stdint.h>
| #endif
| #ifdef HAVE_UNISTD_H
| # include <unistd.h>
| #endif
| int
| main ()
| {
| static struct stat ac_aggr;
| if (ac_aggr.st_atim.st__tim.tv_nsec)
| return 0;
|   ;
|   return 0;
| }
configure:16812: gcc -c -fPIC  conftest.c >&5
conftest.c:106:20: error: no member named 'st_atim' in 'struct stat'
if (sizeof ac_aggr.st_atim.st__tim.tv_nsec)
           ~~~~~~~ ^
1 error generated.
configure:16812: $? = 1
configure: failed program was:
| /* confdefs.h */
| #define PACKAGE_NAME "XZ Utils"
| #define PACKAGE_TARNAME "xz"
| #define PACKAGE_VERSION "5.0.5"
| #define PACKAGE_STRING "XZ Utils 5.0.5"
| #define PACKAGE_BUGREPORT "lasse.collin@tukaani.org"
| #define PACKAGE_URL "http://tukaani.org/xz/"
| #define NDEBUG 1
| #define HAVE_ENCODER_LZMA1 1
| #define HAVE_ENCODER_LZMA2 1
| #define HAVE_ENCODER_DELTA 1
| #define HAVE_ENCODER_X86 1
| #define HAVE_ENCODER_POWERPC 1
| #define HAVE_ENCODER_IA64 1
| #define HAVE_ENCODER_ARM 1
| #define HAVE_ENCODER_ARMTHUMB 1
| #define HAVE_ENCODER_SPARC 1
| #define HAVE_DECODER_LZMA1 1
| #define HAVE_DECODER_LZMA2 1
| #define HAVE_DECODER_DELTA 1
| #define HAVE_DECODER_X86 1
| #define HAVE_DECODER_POWERPC 1
| #define HAVE_DECODER_IA64 1
| #define HAVE_DECODER_ARM 1
| #define HAVE_DECODER_ARMTHUMB 1
| #define HAVE_DECODER_SPARC 1
| #define HAVE_MF_HC3 1
| #define HAVE_MF_HC4 1
| #define HAVE_MF_BT2 1
| #define HAVE_MF_BT3 1
| #define HAVE_MF_BT4 1
| #define HAVE_CHECK_CRC32 1
| #define HAVE_CHECK_CRC64 1
| #define HAVE_CHECK_SHA256 1
| #define ASSUME_RAM 128
| #define PACKAGE "xz"
| #define VERSION "5.0.5"
| #define STDC_HEADERS 1
| #define HAVE_SYS_TYPES_H 1
| #define HAVE_SYS_STAT_H 1
| #define HAVE_STDLIB_H 1
| #define HAVE_STRING_H 1
| #define HAVE_MEMORY_H 1
| #define HAVE_STRINGS_H 1
| #define HAVE_INTTYPES_H 1
| #define HAVE_STDINT_H 1
| #define HAVE_UNISTD_H 1
| #define __EXTENSIONS__ 1
| #define _ALL_SOURCE 1
| #define _GNU_SOURCE 1
| #define _POSIX_PTHREAD_SEMANTICS 1
| #define _TANDEM_SOURCE 1
| #define HAVE_PTHREAD_PRIO_INHERIT 1
| #define HAVE_PTHREAD 1
| #define HAVE_DLFCN_H 1
| #define LT_OBJDIR ".libs/"
| #define HAVE_CFPREFERENCESCOPYAPPVALUE 1
| #define HAVE_CFLOCALECOPYCURRENT 1
| #define HAVE_ICONV 1
| #define HAVE_FCNTL_H 1
| #define HAVE_LIMITS_H 1
| #define HAVE_SYS_TIME_H 1
| #define HAVE__BOOL 1
| #define HAVE_STDBOOL_H 1
| #define HAVE_UINTPTR_T 1
| #define SIZEOF_SIZE_T 8
| #define HAVE_STRUCT_STAT_ST_ATIMESPEC_TV_NSEC 1
| /* end confdefs.h.  */
| #include <stdio.h>
| #ifdef HAVE_SYS_TYPES_H
| # include <sys/types.h>
| #endif
| #ifdef HAVE_SYS_STAT_H
| # include <sys/stat.h>
| #endif
| #ifdef STDC_HEADERS
| # include <stdlib.h>
| # include <stddef.h>
| #else
| # ifdef HAVE_STDLIB_H
| #  include <stdlib.h>
| # endif
| #endif
| #ifdef HAVE_STRING_H
| # if !defined STDC_HEADERS && defined HAVE_MEMORY_H
| #  include <memory.h>
| # endif
| # include <string.h>
| #endif
| #ifdef HAVE_STRINGS_H
| # include <strings.h>
| #endif
| #ifdef HAVE_INTTYPES_H
| # include <inttypes.h>
| #endif
| #ifdef HAVE_STDINT_H
| # include <stdint.h>
| #endif
| #ifdef HAVE_UNISTD_H
| # include <unistd.h>
| #endif
| int
| main ()
| {
| static struct stat ac_aggr;
| if (sizeof ac_aggr.st_atim.st__tim.tv_nsec)
| return 0;
|   ;
|   return 0;
| }
configure:16812: result: no
configure:16830: checking for special C compiler options needed for large files
configure:16875: result: no
configure:16881: checking for _FILE_OFFSET_BITS value needed for large files
configure:16906: gcc -c -fPIC  conftest.c >&5
configure:16906: $? = 0
configure:16938: result: no
configure:17023: checking whether byte ordering is bigendian
configure:17038: gcc -c -fPIC  conftest.c >&5
configure:17038: $? = 0
configure:17083: gcc -c -fPIC  conftest.c >&5
configure:17083: $? = 0
configure:17101: gcc -c -fPIC  conftest.c >&5
conftest.c:76:4: error: use of undeclared identifier 'not'
                 not big endian
                 ^
1 error generated.
configure:17101: $? = 1
configure: failed program was:
| /* confdefs.h */
| #define PACKAGE_NAME "XZ Utils"
| #define PACKAGE_TARNAME "xz"
| #define PACKAGE_VERSION "5.0.5"
| #define PACKAGE_STRING "XZ Utils 5.0.5"
| #define PACKAGE_BUGREPORT "lasse.collin@tukaani.org"
| #define PACKAGE_URL "http://tukaani.org/xz/"
| #define NDEBUG 1
| #define HAVE_ENCODER_LZMA1 1
| #define HAVE_ENCODER_LZMA2 1
| #define HAVE_ENCODER_DELTA 1
| #define HAVE_ENCODER_X86 1
| #define HAVE_ENCODER_POWERPC 1
| #define HAVE_ENCODER_IA64 1
| #define HAVE_ENCODER_ARM 1
| #define HAVE_ENCODER_ARMTHUMB 1
| #define HAVE_ENCODER_SPARC 1
| #define HAVE_DECODER_LZMA1 1
| #define HAVE_DECODER_LZMA2 1
| #define HAVE_DECODER_DELTA 1
| #define HAVE_DECODER_X86 1
| #define HAVE_DECODER_POWERPC 1
| #define HAVE_DECODER_IA64 1
| #define HAVE_DECODER_ARM 1
| #define HAVE_DECODER_ARMTHUMB 1
| #define HAVE_DECODER_SPARC 1
| #define HAVE_MF_HC3 1
| #define HAVE_MF_HC4 1
| #define HAVE_MF_BT2 1
| #define HAVE_MF_BT3 1
| #define HAVE_MF_BT4 1
| #define HAVE_CHECK_CRC32 1
| #define HAVE_CHECK_CRC64 1
| #define HAVE_CHECK_SHA256 1
| #define ASSUME_RAM 128
| #define PACKAGE "xz"
| #define VERSION "5.0.5"
| #define STDC_HEADERS 1
| #define HAVE_SYS_TYPES_H 1
| #define HAVE_SYS_STAT_H 1
| #define HAVE_STDLIB_H 1
| #define HAVE_STRING_H 1
| #define HAVE_MEMORY_H 1
| #define HAVE_STRINGS_H 1
| #define HAVE_INTTYPES_H 1
| #define HAVE_STDINT_H 1
| #define HAVE_UNISTD_H 1
| #define __EXTENSIONS__ 1
| #define _ALL_SOURCE 1
| #define _GNU_SOURCE 1
| #define _POSIX_PTHREAD_SEMANTICS 1
| #define _TANDEM_SOURCE 1
| #define HAVE_PTHREAD_PRIO_INHERIT 1
| #define HAVE_PTHREAD 1
| #define HAVE_DLFCN_H 1
| #define LT_OBJDIR ".libs/"
| #define HAVE_CFPREFERENCESCOPYAPPVALUE 1
| #define HAVE_CFLOCALECOPYCURRENT 1
| #define HAVE_ICONV 1
| #define HAVE_FCNTL_H 1
| #define HAVE_LIMITS_H 1
| #define HAVE_SYS_TIME_H 1
| #define HAVE__BOOL 1
| #define HAVE_STDBOOL_H 1
| #define HAVE_UINTPTR_T 1
| #define SIZEOF_SIZE_T 8
| #define HAVE_STRUCT_STAT_ST_ATIMESPEC_TV_NSEC 1
| /* end confdefs.h.  */
| #include <sys/types.h>
| 		#include <sys/param.h>
| 
| int
| main ()
| {
| #if BYTE_ORDER != BIG_ENDIAN
| 		 not big endian
| 		#endif
| 
|   ;
|   return 0;
| }
configure:17229: result: no
configure:17258: checking getopt.h usability
configure:17258: gcc -c -fPIC  conftest.c >&5
configure:17258: $? = 0
configure:17258: result: yes
configure:17258: checking getopt.h presence
configure:17258: gcc -E  conftest.c
configure:17258: $? = 0
configure:17258: result: yes
configure:17258: checking for getopt.h
configure:17258: result: yes
configure:17275: checking for getopt_long
configure:17275: gcc -o conftest -fPIC   conftest.c   >&5
configure:17275: $? = 0
configure:17275: result: yes
configure:17289: checking whether optreset is declared
configure:17289: gcc -c -fPIC  conftest.c >&5
configure:17289: $? = 0
configure:17289: result: yes
configure:17331: checking for futimens
configure:17331: gcc -o conftest -fPIC   conftest.c   >&5
configure:17331: $? = 0
configure:17331: result: yes
configure:17348: checking whether program_invocation_name is declared
configure:17348: gcc -c -fPIC  conftest.c >&5
conftest.c:82:10: error: use of undeclared identifier 'program_invocation_name'
  (void) program_invocation_name;
         ^
1 error generated.
configure:17348: $? = 1
configure: failed program was:
| /* confdefs.h */
| #define PACKAGE_NAME "XZ Utils"
| #define PACKAGE_TARNAME "xz"
| #define PACKAGE_VERSION "5.0.5"
| #define PACKAGE_STRING "XZ Utils 5.0.5"
| #define PACKAGE_BUGREPORT "lasse.collin@tukaani.org"
| #define PACKAGE_URL "http://tukaani.org/xz/"
| #define NDEBUG 1
| #define HAVE_ENCODER_LZMA1 1
| #define HAVE_ENCODER_LZMA2 1
| #define HAVE_ENCODER_DELTA 1
| #define HAVE_ENCODER_X86 1
| #define HAVE_ENCODER_POWERPC 1
| #define HAVE_ENCODER_IA64 1
| #define HAVE_ENCODER_ARM 1
| #define HAVE_ENCODER_ARMTHUMB 1
| #define HAVE_ENCODER_SPARC 1
| #define HAVE_DECODER_LZMA1 1
| #define HAVE_DECODER_LZMA2 1
| #define HAVE_DECODER_DELTA 1
| #define HAVE_DECODER_X86 1
| #define HAVE_DECODER_POWERPC 1
| #define HAVE_DECODER_IA64 1
| #define HAVE_DECODER_ARM 1
| #define HAVE_DECODER_ARMTHUMB 1
| #define HAVE_DECODER_SPARC 1
| #define HAVE_MF_HC3 1
| #define HAVE_MF_HC4 1
| #define HAVE_MF_BT2 1
| #define HAVE_MF_BT3 1
| #define HAVE_MF_BT4 1
| #define HAVE_CHECK_CRC32 1
| #define HAVE_CHECK_CRC64 1
| #define HAVE_CHECK_SHA256 1
| #define ASSUME_RAM 128
| #define PACKAGE "xz"
| #define VERSION "5.0.5"
| #define STDC_HEADERS 1
| #define HAVE_SYS_TYPES_H 1
| #define HAVE_SYS_STAT_H 1
| #define HAVE_STDLIB_H 1
| #define HAVE_STRING_H 1
| #define HAVE_MEMORY_H 1
| #define HAVE_STRINGS_H 1
| #define HAVE_INTTYPES_H 1
| #define HAVE_STDINT_H 1
| #define HAVE_UNISTD_H 1
| #define __EXTENSIONS__ 1
| #define _ALL_SOURCE 1
| #define _GNU_SOURCE 1
| #define _POSIX_PTHREAD_SEMANTICS 1
| #define _TANDEM_SOURCE 1
| #define HAVE_PTHREAD_PRIO_INHERIT 1
| #define HAVE_PTHREAD 1
| #define HAVE_DLFCN_H 1
| #define LT_OBJDIR ".libs/"
| #define HAVE_CFPREFERENCESCOPYAPPVALUE 1
| #define HAVE_CFLOCALECOPYCURRENT 1
| #define HAVE_ICONV 1
| #define HAVE_FCNTL_H 1
| #define HAVE_LIMITS_H 1
| #define HAVE_SYS_TIME_H 1
| #define HAVE__BOOL 1
| #define HAVE_STDBOOL_H 1
| #define HAVE_UINTPTR_T 1
| #define SIZEOF_SIZE_T 8
| #define HAVE_STRUCT_STAT_ST_ATIMESPEC_TV_NSEC 1
| #define HAVE_GETOPT_H 1
| #define HAVE_GETOPT_LONG 1
| #define HAVE_OPTRESET 1
| #define HAVE_FUTIMENS 1
| /* end confdefs.h.  */
| #include <errno.h>
| 
| int
| main ()
| {
| #ifndef program_invocation_name
| #ifdef __cplusplus
|   (void) program_invocation_name;
| #else
|   (void) program_invocation_name;
| #endif
| #endif
| 
|   ;
|   return 0;
| }
configure:17348: result: no
configure:17367: checking byteswap.h usability
configure:17367: gcc -c -fPIC  conftest.c >&5
conftest.c:107:10: fatal error: 'byteswap.h' file not found
#include <byteswap.h>
         ^~~~~~~~~~~~
1 error generated.
configure:17367: $? = 1
configure: failed program was:
| /* confdefs.h */
| #define PACKAGE_NAME "XZ Utils"
| #define PACKAGE_TARNAME "xz"
| #define PACKAGE_VERSION "5.0.5"
| #define PACKAGE_STRING "XZ Utils 5.0.5"
| #define PACKAGE_BUGREPORT "lasse.collin@tukaani.org"
| #define PACKAGE_URL "http://tukaani.org/xz/"
| #define NDEBUG 1
| #define HAVE_ENCODER_LZMA1 1
| #define HAVE_ENCODER_LZMA2 1
| #define HAVE_ENCODER_DELTA 1
| #define HAVE_ENCODER_X86 1
| #define HAVE_ENCODER_POWERPC 1
| #define HAVE_ENCODER_IA64 1
| #define HAVE_ENCODER_ARM 1
| #define HAVE_ENCODER_ARMTHUMB 1
| #define HAVE_ENCODER_SPARC 1
| #define HAVE_DECODER_LZMA1 1
| #define HAVE_DECODER_LZMA2 1
| #define HAVE_DECODER_DELTA 1
| #define HAVE_DECODER_X86 1
| #define HAVE_DECODER_POWERPC 1
| #define HAVE_DECODER_IA64 1
| #define HAVE_DECODER_ARM 1
| #define HAVE_DECODER_ARMTHUMB 1
| #define HAVE_DECODER_SPARC 1
| #define HAVE_MF_HC3 1
| #define HAVE_MF_HC4 1
| #define HAVE_MF_BT2 1
| #define HAVE_MF_BT3 1
| #define HAVE_MF_BT4 1
| #define HAVE_CHECK_CRC32 1
| #define HAVE_CHECK_CRC64 1
| #define HAVE_CHECK_SHA256 1
| #define ASSUME_RAM 128
| #define PACKAGE "xz"
| #define VERSION "5.0.5"
| #define STDC_HEADERS 1
| #define HAVE_SYS_TYPES_H 1
| #define HAVE_SYS_STAT_H 1
| #define HAVE_STDLIB_H 1
| #define HAVE_STRING_H 1
| #define HAVE_MEMORY_H 1
| #define HAVE_STRINGS_H 1
| #define HAVE_INTTYPES_H 1
| #define HAVE_STDINT_H 1
| #define HAVE_UNISTD_H 1
| #define __EXTENSIONS__ 1
| #define _ALL_SOURCE 1
| #define _GNU_SOURCE 1
| #define _POSIX_PTHREAD_SEMANTICS 1
| #define _TANDEM_SOURCE 1
| #define HAVE_PTHREAD_PRIO_INHERIT 1
| #define HAVE_PTHREAD 1
| #define HAVE_DLFCN_H 1
| #define LT_OBJDIR ".libs/"
| #define HAVE_CFPREFERENCESCOPYAPPVALUE 1
| #define HAVE_CFLOCALECOPYCURRENT 1
| #define HAVE_ICONV 1
| #define HAVE_FCNTL_H 1
| #define HAVE_LIMITS_H 1
| #define HAVE_SYS_TIME_H 1
| #define HAVE__BOOL 1
| #define HAVE_STDBOOL_H 1
| #define HAVE_UINTPTR_T 1
| #define SIZEOF_SIZE_T 8
| #define HAVE_STRUCT_STAT_ST_ATIMESPEC_TV_NSEC 1
| #define HAVE_GETOPT_H 1
| #define HAVE_GETOPT_LONG 1
| #define HAVE_OPTRESET 1
| #define HAVE_FUTIMENS 1
| #define HAVE_DECL_PROGRAM_INVOCATION_NAME 0
| /* end confdefs.h.  */
| #include <stdio.h>
| #ifdef HAVE_SYS_TYPES_H
| # include <sys/types.h>
| #endif
| #ifdef HAVE_SYS_STAT_H
| # include <sys/stat.h>
| #endif
| #ifdef STDC_HEADERS
| # include <stdlib.h>
| # include <stddef.h>
| #else
| # ifdef HAVE_STDLIB_H
| #  include <stdlib.h>
| # endif
| #endif
| #ifdef HAVE_STRING_H
| # if !defined STDC_HEADERS && defined HAVE_MEMORY_H
| #  include <memory.h>
| # endif
| # include <string.h>
| #endif
| #ifdef HAVE_STRINGS_H
| # include <strings.h>
| #endif
| #ifdef HAVE_INTTYPES_H
| # include <inttypes.h>
| #endif
| #ifdef HAVE_STDINT_H
| # include <stdint.h>
| #endif
| #ifdef HAVE_UNISTD_H
| # include <unistd.h>
| #endif
| #include <byteswap.h>
configure:17367: result: no
configure:17367: checking byteswap.h presence
configure:17367: gcc -E  conftest.c
conftest.c:74:10: fatal error: 'byteswap.h' file not found
#include <byteswap.h>
         ^~~~~~~~~~~~
1 error generated.
configure:17367: $? = 1
configure: failed program was:
| /* confdefs.h */
| #define PACKAGE_NAME "XZ Utils"
| #define PACKAGE_TARNAME "xz"
| #define PACKAGE_VERSION "5.0.5"
| #define PACKAGE_STRING "XZ Utils 5.0.5"
| #define PACKAGE_BUGREPORT "lasse.collin@tukaani.org"
| #define PACKAGE_URL "http://tukaani.org/xz/"
| #define NDEBUG 1
| #define HAVE_ENCODER_LZMA1 1
| #define HAVE_ENCODER_LZMA2 1
| #define HAVE_ENCODER_DELTA 1
| #define HAVE_ENCODER_X86 1
| #define HAVE_ENCODER_POWERPC 1
| #define HAVE_ENCODER_IA64 1
| #define HAVE_ENCODER_ARM 1
| #define HAVE_ENCODER_ARMTHUMB 1
| #define HAVE_ENCODER_SPARC 1
| #define HAVE_DECODER_LZMA1 1
| #define HAVE_DECODER_LZMA2 1
| #define HAVE_DECODER_DELTA 1
| #define HAVE_DECODER_X86 1
| #define HAVE_DECODER_POWERPC 1
| #define HAVE_DECODER_IA64 1
| #define HAVE_DECODER_ARM 1
| #define HAVE_DECODER_ARMTHUMB 1
| #define HAVE_DECODER_SPARC 1
| #define HAVE_MF_HC3 1
| #define HAVE_MF_HC4 1
| #define HAVE_MF_BT2 1
| #define HAVE_MF_BT3 1
| #define HAVE_MF_BT4 1
| #define HAVE_CHECK_CRC32 1
| #define HAVE_CHECK_CRC64 1
| #define HAVE_CHECK_SHA256 1
| #define ASSUME_RAM 128
| #define PACKAGE "xz"
| #define VERSION "5.0.5"
| #define STDC_HEADERS 1
| #define HAVE_SYS_TYPES_H 1
| #define HAVE_SYS_STAT_H 1
| #define HAVE_STDLIB_H 1
| #define HAVE_STRING_H 1
| #define HAVE_MEMORY_H 1
| #define HAVE_STRINGS_H 1
| #define HAVE_INTTYPES_H 1
| #define HAVE_STDINT_H 1
| #define HAVE_UNISTD_H 1
| #define __EXTENSIONS__ 1
| #define _ALL_SOURCE 1
| #define _GNU_SOURCE 1
| #define _POSIX_PTHREAD_SEMANTICS 1
| #define _TANDEM_SOURCE 1
| #define HAVE_PTHREAD_PRIO_INHERIT 1
| #define HAVE_PTHREAD 1
| #define HAVE_DLFCN_H 1
| #define LT_OBJDIR ".libs/"
| #define HAVE_CFPREFERENCESCOPYAPPVALUE 1
| #define HAVE_CFLOCALECOPYCURRENT 1
| #define HAVE_ICONV 1
| #define HAVE_FCNTL_H 1
| #define HAVE_LIMITS_H 1
| #define HAVE_SYS_TIME_H 1
| #define HAVE__BOOL 1
| #define HAVE_STDBOOL_H 1
| #define HAVE_UINTPTR_T 1
| #define SIZEOF_SIZE_T 8
| #define HAVE_STRUCT_STAT_ST_ATIMESPEC_TV_NSEC 1
| #define HAVE_GETOPT_H 1
| #define HAVE_GETOPT_LONG 1
| #define HAVE_OPTRESET 1
| #define HAVE_FUTIMENS 1
| #define HAVE_DECL_PROGRAM_INVOCATION_NAME 0
| /* end confdefs.h.  */
| #include <byteswap.h>
configure:17367: result: no
configure:17367: checking for byteswap.h
configure:17367: result: no
configure:17367: checking sys/endian.h usability
configure:17367: gcc -c -fPIC  conftest.c >&5
conftest.c:107:10: fatal error: 'sys/endian.h' file not found
#include <sys/endian.h>
         ^~~~~~~~~~~~~~
1 error generated.
configure:17367: $? = 1
configure: failed program was:
| /* confdefs.h */
| #define PACKAGE_NAME "XZ Utils"
| #define PACKAGE_TARNAME "xz"
| #define PACKAGE_VERSION "5.0.5"
| #define PACKAGE_STRING "XZ Utils 5.0.5"
| #define PACKAGE_BUGREPORT "lasse.collin@tukaani.org"
| #define PACKAGE_URL "http://tukaani.org/xz/"
| #define NDEBUG 1
| #define HAVE_ENCODER_LZMA1 1
| #define HAVE_ENCODER_LZMA2 1
| #define HAVE_ENCODER_DELTA 1
| #define HAVE_ENCODER_X86 1
| #define HAVE_ENCODER_POWERPC 1
| #define HAVE_ENCODER_IA64 1
| #define HAVE_ENCODER_ARM 1
| #define HAVE_ENCODER_ARMTHUMB 1
| #define HAVE_ENCODER_SPARC 1
| #define HAVE_DECODER_LZMA1 1
| #define HAVE_DECODER_LZMA2 1
| #define HAVE_DECODER_DELTA 1
| #define HAVE_DECODER_X86 1
| #define HAVE_DECODER_POWERPC 1
| #define HAVE_DECODER_IA64 1
| #define HAVE_DECODER_ARM 1
| #define HAVE_DECODER_ARMTHUMB 1
| #define HAVE_DECODER_SPARC 1
| #define HAVE_MF_HC3 1
| #define HAVE_MF_HC4 1
| #define HAVE_MF_BT2 1
| #define HAVE_MF_BT3 1
| #define HAVE_MF_BT4 1
| #define HAVE_CHECK_CRC32 1
| #define HAVE_CHECK_CRC64 1
| #define HAVE_CHECK_SHA256 1
| #define ASSUME_RAM 128
| #define PACKAGE "xz"
| #define VERSION "5.0.5"
| #define STDC_HEADERS 1
| #define HAVE_SYS_TYPES_H 1
| #define HAVE_SYS_STAT_H 1
| #define HAVE_STDLIB_H 1
| #define HAVE_STRING_H 1
| #define HAVE_MEMORY_H 1
| #define HAVE_STRINGS_H 1
| #define HAVE_INTTYPES_H 1
| #define HAVE_STDINT_H 1
| #define HAVE_UNISTD_H 1
| #define __EXTENSIONS__ 1
| #define _ALL_SOURCE 1
| #define _GNU_SOURCE 1
| #define _POSIX_PTHREAD_SEMANTICS 1
| #define _TANDEM_SOURCE 1
| #define HAVE_PTHREAD_PRIO_INHERIT 1
| #define HAVE_PTHREAD 1
| #define HAVE_DLFCN_H 1
| #define LT_OBJDIR ".libs/"
| #define HAVE_CFPREFERENCESCOPYAPPVALUE 1
| #define HAVE_CFLOCALECOPYCURRENT 1
| #define HAVE_ICONV 1
| #define HAVE_FCNTL_H 1
| #define HAVE_LIMITS_H 1
| #define HAVE_SYS_TIME_H 1
| #define HAVE__BOOL 1
| #define HAVE_STDBOOL_H 1
| #define HAVE_UINTPTR_T 1
| #define SIZEOF_SIZE_T 8
| #define HAVE_STRUCT_STAT_ST_ATIMESPEC_TV_NSEC 1
| #define HAVE_GETOPT_H 1
| #define HAVE_GETOPT_LONG 1
| #define HAVE_OPTRESET 1
| #define HAVE_FUTIMENS 1
| #define HAVE_DECL_PROGRAM_INVOCATION_NAME 0
| /* end confdefs.h.  */
| #include <stdio.h>
| #ifdef HAVE_SYS_TYPES_H
| # include <sys/types.h>
| #endif
| #ifdef HAVE_SYS_STAT_H
| # include <sys/stat.h>
| #endif
| #ifdef STDC_HEADERS
| # include <stdlib.h>
| # include <stddef.h>
| #else
| # ifdef HAVE_STDLIB_H
| #  include <stdlib.h>
| # endif
| #endif
| #ifdef HAVE_STRING_H
| # if !defined STDC_HEADERS && defined HAVE_MEMORY_H
| #  include <memory.h>
| # endif
| # include <string.h>
| #endif
| #ifdef HAVE_STRINGS_H
| # include <strings.h>
| #endif
| #ifdef HAVE_INTTYPES_H
| # include <inttypes.h>
| #endif
| #ifdef HAVE_STDINT_H
| # include <stdint.h>
| #endif
| #ifdef HAVE_UNISTD_H
| # include <unistd.h>
| #endif
| #include <sys/endian.h>
configure:17367: result: no
configure:17367: checking sys/endian.h presence
configure:17367: gcc -E  conftest.c
conftest.c:74:10: fatal error: 'sys/endian.h' file not found
#include <sys/endian.h>
         ^~~~~~~~~~~~~~
1 error generated.
configure:17367: $? = 1
configure: failed program was:
| /* confdefs.h */
| #define PACKAGE_NAME "XZ Utils"
| #define PACKAGE_TARNAME "xz"
| #define PACKAGE_VERSION "5.0.5"
| #define PACKAGE_STRING "XZ Utils 5.0.5"
| #define PACKAGE_BUGREPORT "lasse.collin@tukaani.org"
| #define PACKAGE_URL "http://tukaani.org/xz/"
| #define NDEBUG 1
| #define HAVE_ENCODER_LZMA1 1
| #define HAVE_ENCODER_LZMA2 1
| #define HAVE_ENCODER_DELTA 1
| #define HAVE_ENCODER_X86 1
| #define HAVE_ENCODER_POWERPC 1
| #define HAVE_ENCODER_IA64 1
| #define HAVE_ENCODER_ARM 1
| #define HAVE_ENCODER_ARMTHUMB 1
| #define HAVE_ENCODER_SPARC 1
| #define HAVE_DECODER_LZMA1 1
| #define HAVE_DECODER_LZMA2 1
| #define HAVE_DECODER_DELTA 1
| #define HAVE_DECODER_X86 1
| #define HAVE_DECODER_POWERPC 1
| #define HAVE_DECODER_IA64 1
| #define HAVE_DECODER_ARM 1
| #define HAVE_DECODER_ARMTHUMB 1
| #define HAVE_DECODER_SPARC 1
| #define HAVE_MF_HC3 1
| #define HAVE_MF_HC4 1
| #define HAVE_MF_BT2 1
| #define HAVE_MF_BT3 1
| #define HAVE_MF_BT4 1
| #define HAVE_CHECK_CRC32 1
| #define HAVE_CHECK_CRC64 1
| #define HAVE_CHECK_SHA256 1
| #define ASSUME_RAM 128
| #define PACKAGE "xz"
| #define VERSION "5.0.5"
| #define STDC_HEADERS 1
| #define HAVE_SYS_TYPES_H 1
| #define HAVE_SYS_STAT_H 1
| #define HAVE_STDLIB_H 1
| #define HAVE_STRING_H 1
| #define HAVE_MEMORY_H 1
| #define HAVE_STRINGS_H 1
| #define HAVE_INTTYPES_H 1
| #define HAVE_STDINT_H 1
| #define HAVE_UNISTD_H 1
| #define __EXTENSIONS__ 1
| #define _ALL_SOURCE 1
| #define _GNU_SOURCE 1
| #define _POSIX_PTHREAD_SEMANTICS 1
| #define _TANDEM_SOURCE 1
| #define HAVE_PTHREAD_PRIO_INHERIT 1
| #define HAVE_PTHREAD 1
| #define HAVE_DLFCN_H 1
| #define LT_OBJDIR ".libs/"
| #define HAVE_CFPREFERENCESCOPYAPPVALUE 1
| #define HAVE_CFLOCALECOPYCURRENT 1
| #define HAVE_ICONV 1
| #define HAVE_FCNTL_H 1
| #define HAVE_LIMITS_H 1
| #define HAVE_SYS_TIME_H 1
| #define HAVE__BOOL 1
| #define HAVE_STDBOOL_H 1
| #define HAVE_UINTPTR_T 1
| #define SIZEOF_SIZE_T 8
| #define HAVE_STRUCT_STAT_ST_ATIMESPEC_TV_NSEC 1
| #define HAVE_GETOPT_H 1
| #define HAVE_GETOPT_LONG 1
| #define HAVE_OPTRESET 1
| #define HAVE_FUTIMENS 1
| #define HAVE_DECL_PROGRAM_INVOCATION_NAME 0
| /* end confdefs.h.  */
| #include <sys/endian.h>
configure:17367: result: no
configure:17367: checking for sys/endian.h
configure:17367: result: no
configure:17367: checking sys/byteorder.h usability
configure:17367: gcc -c -fPIC  conftest.c >&5
conftest.c:107:10: fatal error: 'sys/byteorder.h' file not found
#include <sys/byteorder.h>
         ^~~~~~~~~~~~~~~~~
1 error generated.
configure:17367: $? = 1
configure: failed program was:
| /* confdefs.h */
| #define PACKAGE_NAME "XZ Utils"
| #define PACKAGE_TARNAME "xz"
| #define PACKAGE_VERSION "5.0.5"
| #define PACKAGE_STRING "XZ Utils 5.0.5"
| #define PACKAGE_BUGREPORT "lasse.collin@tukaani.org"
| #define PACKAGE_URL "http://tukaani.org/xz/"
| #define NDEBUG 1
| #define HAVE_ENCODER_LZMA1 1
| #define HAVE_ENCODER_LZMA2 1
| #define HAVE_ENCODER_DELTA 1
| #define HAVE_ENCODER_X86 1
| #define HAVE_ENCODER_POWERPC 1
| #define HAVE_ENCODER_IA64 1
| #define HAVE_ENCODER_ARM 1
| #define HAVE_ENCODER_ARMTHUMB 1
| #define HAVE_ENCODER_SPARC 1
| #define HAVE_DECODER_LZMA1 1
| #define HAVE_DECODER_LZMA2 1
| #define HAVE_DECODER_DELTA 1
| #define HAVE_DECODER_X86 1
| #define HAVE_DECODER_POWERPC 1
| #define HAVE_DECODER_IA64 1
| #define HAVE_DECODER_ARM 1
| #define HAVE_DECODER_ARMTHUMB 1
| #define HAVE_DECODER_SPARC 1
| #define HAVE_MF_HC3 1
| #define HAVE_MF_HC4 1
| #define HAVE_MF_BT2 1
| #define HAVE_MF_BT3 1
| #define HAVE_MF_BT4 1
| #define HAVE_CHECK_CRC32 1
| #define HAVE_CHECK_CRC64 1
| #define HAVE_CHECK_SHA256 1
| #define ASSUME_RAM 128
| #define PACKAGE "xz"
| #define VERSION "5.0.5"
| #define STDC_HEADERS 1
| #define HAVE_SYS_TYPES_H 1
| #define HAVE_SYS_STAT_H 1
| #define HAVE_STDLIB_H 1
| #define HAVE_STRING_H 1
| #define HAVE_MEMORY_H 1
| #define HAVE_STRINGS_H 1
| #define HAVE_INTTYPES_H 1
| #define HAVE_STDINT_H 1
| #define HAVE_UNISTD_H 1
| #define __EXTENSIONS__ 1
| #define _ALL_SOURCE 1
| #define _GNU_SOURCE 1
| #define _POSIX_PTHREAD_SEMANTICS 1
| #define _TANDEM_SOURCE 1
| #define HAVE_PTHREAD_PRIO_INHERIT 1
| #define HAVE_PTHREAD 1
| #define HAVE_DLFCN_H 1
| #define LT_OBJDIR ".libs/"
| #define HAVE_CFPREFERENCESCOPYAPPVALUE 1
| #define HAVE_CFLOCALECOPYCURRENT 1
| #define HAVE_ICONV 1
| #define HAVE_FCNTL_H 1
| #define HAVE_LIMITS_H 1
| #define HAVE_SYS_TIME_H 1
| #define HAVE__BOOL 1
| #define HAVE_STDBOOL_H 1
| #define HAVE_UINTPTR_T 1
| #define SIZEOF_SIZE_T 8
| #define HAVE_STRUCT_STAT_ST_ATIMESPEC_TV_NSEC 1
| #define HAVE_GETOPT_H 1
| #define HAVE_GETOPT_LONG 1
| #define HAVE_OPTRESET 1
| #define HAVE_FUTIMENS 1
| #define HAVE_DECL_PROGRAM_INVOCATION_NAME 0
| /* end confdefs.h.  */
| #include <stdio.h>
| #ifdef HAVE_SYS_TYPES_H
| # include <sys/types.h>
| #endif
| #ifdef HAVE_SYS_STAT_H
| # include <sys/stat.h>
| #endif
| #ifdef STDC_HEADERS
| # include <stdlib.h>
| # include <stddef.h>
| #else
| # ifdef HAVE_STDLIB_H
| #  include <stdlib.h>
| # endif
| #endif
| #ifdef HAVE_STRING_H
| # if !defined STDC_HEADERS && defined HAVE_MEMORY_H
| #  include <memory.h>
| # endif
| # include <string.h>
| #endif
| #ifdef HAVE_STRINGS_H
| # include <strings.h>
| #endif
| #ifdef HAVE_INTTYPES_H
| # include <inttypes.h>
| #endif
| #ifdef HAVE_STDINT_H
| # include <stdint.h>
| #endif
| #ifdef HAVE_UNISTD_H
| # include <unistd.h>
| #endif
| #include <sys/byteorder.h>
configure:17367: result: no
configure:17367: checking sys/byteorder.h presence
configure:17367: gcc -E  conftest.c
conftest.c:74:10: fatal error: 'sys/byteorder.h' file not found
#include <sys/byteorder.h>
         ^~~~~~~~~~~~~~~~~
1 error generated.
configure:17367: $? = 1
configure: failed program was:
| /* confdefs.h */
| #define PACKAGE_NAME "XZ Utils"
| #define PACKAGE_TARNAME "xz"
| #define PACKAGE_VERSION "5.0.5"
| #define PACKAGE_STRING "XZ Utils 5.0.5"
| #define PACKAGE_BUGREPORT "lasse.collin@tukaani.org"
| #define PACKAGE_URL "http://tukaani.org/xz/"
| #define NDEBUG 1
| #define HAVE_ENCODER_LZMA1 1
| #define HAVE_ENCODER_LZMA2 1
| #define HAVE_ENCODER_DELTA 1
| #define HAVE_ENCODER_X86 1
| #define HAVE_ENCODER_POWERPC 1
| #define HAVE_ENCODER_IA64 1
| #define HAVE_ENCODER_ARM 1
| #define HAVE_ENCODER_ARMTHUMB 1
| #define HAVE_ENCODER_SPARC 1
| #define HAVE_DECODER_LZMA1 1
| #define HAVE_DECODER_LZMA2 1
| #define HAVE_DECODER_DELTA 1
| #define HAVE_DECODER_X86 1
| #define HAVE_DECODER_POWERPC 1
| #define HAVE_DECODER_IA64 1
| #define HAVE_DECODER_ARM 1
| #define HAVE_DECODER_ARMTHUMB 1
| #define HAVE_DECODER_SPARC 1
| #define HAVE_MF_HC3 1
| #define HAVE_MF_HC4 1
| #define HAVE_MF_BT2 1
| #define HAVE_MF_BT3 1
| #define HAVE_MF_BT4 1
| #define HAVE_CHECK_CRC32 1
| #define HAVE_CHECK_CRC64 1
| #define HAVE_CHECK_SHA256 1
| #define ASSUME_RAM 128
| #define PACKAGE "xz"
| #define VERSION "5.0.5"
| #define STDC_HEADERS 1
| #define HAVE_SYS_TYPES_H 1
| #define HAVE_SYS_STAT_H 1
| #define HAVE_STDLIB_H 1
| #define HAVE_STRING_H 1
| #define HAVE_MEMORY_H 1
| #define HAVE_STRINGS_H 1
| #define HAVE_INTTYPES_H 1
| #define HAVE_STDINT_H 1
| #define HAVE_UNISTD_H 1
| #define __EXTENSIONS__ 1
| #define _ALL_SOURCE 1
| #define _GNU_SOURCE 1
| #define _POSIX_PTHREAD_SEMANTICS 1
| #define _TANDEM_SOURCE 1
| #define HAVE_PTHREAD_PRIO_INHERIT 1
| #define HAVE_PTHREAD 1
| #define HAVE_DLFCN_H 1
| #define LT_OBJDIR ".libs/"
| #define HAVE_CFPREFERENCESCOPYAPPVALUE 1
| #define HAVE_CFLOCALECOPYCURRENT 1
| #define HAVE_ICONV 1
| #define HAVE_FCNTL_H 1
| #define HAVE_LIMITS_H 1
| #define HAVE_SYS_TIME_H 1
| #define HAVE__BOOL 1
| #define HAVE_STDBOOL_H 1
| #define HAVE_UINTPTR_T 1
| #define SIZEOF_SIZE_T 8
| #define HAVE_STRUCT_STAT_ST_ATIMESPEC_TV_NSEC 1
| #define HAVE_GETOPT_H 1
| #define HAVE_GETOPT_LONG 1
| #define HAVE_OPTRESET 1
| #define HAVE_FUTIMENS 1
| #define HAVE_DECL_PROGRAM_INVOCATION_NAME 0
| /* end confdefs.h.  */
| #include <sys/byteorder.h>
configure:17367: result: no
configure:17367: checking for sys/byteorder.h
configure:17367: result: no
configure:17472: checking if unaligned memory access should be used
configure:17497: result: yes
configure:17510: checking sys/param.h usability
configure:17510: gcc -c -fPIC  conftest.c >&5
configure:17510: $? = 0
configure:17510: result: yes
configure:17510: checking sys/param.h presence
configure:17510: gcc -E  conftest.c
configure:17510: $? = 0
configure:17510: result: yes
configure:17510: checking for sys/param.h
configure:17510: result: yes
configure:17521: checking how to detect the amount of physical memory
configure:17544: gcc -c -fPIC  conftest.c >&5
conftest.c:80:1: error: unknown type name 'compile'
compile error
^
conftest.c:80:14: error: expected ';' after top level declarator
compile error
             ^
             ;
2 errors generated.
configure:17544: $? = 1
configure: failed program was:
| /* confdefs.h */
| #define PACKAGE_NAME "XZ Utils"
| #define PACKAGE_TARNAME "xz"
| #define PACKAGE_VERSION "5.0.5"
| #define PACKAGE_STRING "XZ Utils 5.0.5"
| #define PACKAGE_BUGREPORT "lasse.collin@tukaani.org"
| #define PACKAGE_URL "http://tukaani.org/xz/"
| #define NDEBUG 1
| #define HAVE_ENCODER_LZMA1 1
| #define HAVE_ENCODER_LZMA2 1
| #define HAVE_ENCODER_DELTA 1
| #define HAVE_ENCODER_X86 1
| #define HAVE_ENCODER_POWERPC 1
| #define HAVE_ENCODER_IA64 1
| #define HAVE_ENCODER_ARM 1
| #define HAVE_ENCODER_ARMTHUMB 1
| #define HAVE_ENCODER_SPARC 1
| #define HAVE_DECODER_LZMA1 1
| #define HAVE_DECODER_LZMA2 1
| #define HAVE_DECODER_DELTA 1
| #define HAVE_DECODER_X86 1
| #define HAVE_DECODER_POWERPC 1
| #define HAVE_DECODER_IA64 1
| #define HAVE_DECODER_ARM 1
| #define HAVE_DECODER_ARMTHUMB 1
| #define HAVE_DECODER_SPARC 1
| #define HAVE_MF_HC3 1
| #define HAVE_MF_HC4 1
| #define HAVE_MF_BT2 1
| #define HAVE_MF_BT3 1
| #define HAVE_MF_BT4 1
| #define HAVE_CHECK_CRC32 1
| #define HAVE_CHECK_CRC64 1
| #define HAVE_CHECK_SHA256 1
| #define ASSUME_RAM 128
| #define PACKAGE "xz"
| #define VERSION "5.0.5"
| #define STDC_HEADERS 1
| #define HAVE_SYS_TYPES_H 1
| #define HAVE_SYS_STAT_H 1
| #define HAVE_STDLIB_H 1
| #define HAVE_STRING_H 1
| #define HAVE_MEMORY_H 1
| #define HAVE_STRINGS_H 1
| #define HAVE_INTTYPES_H 1
| #define HAVE_STDINT_H 1
| #define HAVE_UNISTD_H 1
| #define __EXTENSIONS__ 1
| #define _ALL_SOURCE 1
| #define _GNU_SOURCE 1
| #define _POSIX_PTHREAD_SEMANTICS 1
| #define _TANDEM_SOURCE 1
| #define HAVE_PTHREAD_PRIO_INHERIT 1
| #define HAVE_PTHREAD 1
| #define HAVE_DLFCN_H 1
| #define LT_OBJDIR ".libs/"
| #define HAVE_CFPREFERENCESCOPYAPPVALUE 1
| #define HAVE_CFLOCALECOPYCURRENT 1
| #define HAVE_ICONV 1
| #define HAVE_FCNTL_H 1
| #define HAVE_LIMITS_H 1
| #define HAVE_SYS_TIME_H 1
| #define HAVE__BOOL 1
| #define HAVE_STDBOOL_H 1
| #define HAVE_UINTPTR_T 1
| #define SIZEOF_SIZE_T 8
| #define HAVE_STRUCT_STAT_ST_ATIMESPEC_TV_NSEC 1
| #define HAVE_GETOPT_H 1
| #define HAVE_GETOPT_LONG 1
| #define HAVE_OPTRESET 1
| #define HAVE_FUTIMENS 1
| #define HAVE_DECL_PROGRAM_INVOCATION_NAME 0
| #define TUKLIB_FAST_UNALIGNED_ACCESS 1
| #define HAVE_SYS_PARAM_H 1
| /* end confdefs.h.  */
| 
| #if defined(_WIN32) || defined(__CYGWIN__) || defined(__OS2__) 		|| defined(__DJGPP__) || defined(__VMS)
| int main(void) { return 0; }
| #else
| compile error
| #endif
| 
configure:17565: gcc -c -fPIC  conftest.c >&5
conftest.c:77:10: fatal error: 'sys/systemcfg.h' file not found
#include <sys/systemcfg.h>
         ^~~~~~~~~~~~~~~~~
1 error generated.
configure:17565: $? = 1
configure: failed program was:
| /* confdefs.h */
| #define PACKAGE_NAME "XZ Utils"
| #define PACKAGE_TARNAME "xz"
| #define PACKAGE_VERSION "5.0.5"
| #define PACKAGE_STRING "XZ Utils 5.0.5"
| #define PACKAGE_BUGREPORT "lasse.collin@tukaani.org"
| #define PACKAGE_URL "http://tukaani.org/xz/"
| #define NDEBUG 1
| #define HAVE_ENCODER_LZMA1 1
| #define HAVE_ENCODER_LZMA2 1
| #define HAVE_ENCODER_DELTA 1
| #define HAVE_ENCODER_X86 1
| #define HAVE_ENCODER_POWERPC 1
| #define HAVE_ENCODER_IA64 1
| #define HAVE_ENCODER_ARM 1
| #define HAVE_ENCODER_ARMTHUMB 1
| #define HAVE_ENCODER_SPARC 1
| #define HAVE_DECODER_LZMA1 1
| #define HAVE_DECODER_LZMA2 1
| #define HAVE_DECODER_DELTA 1
| #define HAVE_DECODER_X86 1
| #define HAVE_DECODER_POWERPC 1
| #define HAVE_DECODER_IA64 1
| #define HAVE_DECODER_ARM 1
| #define HAVE_DECODER_ARMTHUMB 1
| #define HAVE_DECODER_SPARC 1
| #define HAVE_MF_HC3 1
| #define HAVE_MF_HC4 1
| #define HAVE_MF_BT2 1
| #define HAVE_MF_BT3 1
| #define HAVE_MF_BT4 1
| #define HAVE_CHECK_CRC32 1
| #define HAVE_CHECK_CRC64 1
| #define HAVE_CHECK_SHA256 1
| #define ASSUME_RAM 128
| #define PACKAGE "xz"
| #define VERSION "5.0.5"
| #define STDC_HEADERS 1
| #define HAVE_SYS_TYPES_H 1
| #define HAVE_SYS_STAT_H 1
| #define HAVE_STDLIB_H 1
| #define HAVE_STRING_H 1
| #define HAVE_MEMORY_H 1
| #define HAVE_STRINGS_H 1
| #define HAVE_INTTYPES_H 1
| #define HAVE_STDINT_H 1
| #define HAVE_UNISTD_H 1
| #define __EXTENSIONS__ 1
| #define _ALL_SOURCE 1
| #define _GNU_SOURCE 1
| #define _POSIX_PTHREAD_SEMANTICS 1
| #define _TANDEM_SOURCE 1
| #define HAVE_PTHREAD_PRIO_INHERIT 1
| #define HAVE_PTHREAD 1
| #define HAVE_DLFCN_H 1
| #define LT_OBJDIR ".libs/"
| #define HAVE_CFPREFERENCESCOPYAPPVALUE 1
| #define HAVE_CFLOCALECOPYCURRENT 1
| #define HAVE_ICONV 1
| #define HAVE_FCNTL_H 1
| #define HAVE_LIMITS_H 1
| #define HAVE_SYS_TIME_H 1
| #define HAVE__BOOL 1
| #define HAVE_STDBOOL_H 1
| #define HAVE_UINTPTR_T 1
| #define SIZEOF_SIZE_T 8
| #define HAVE_STRUCT_STAT_ST_ATIMESPEC_TV_NSEC 1
| #define HAVE_GETOPT_H 1
| #define HAVE_GETOPT_LONG 1
| #define HAVE_OPTRESET 1
| #define HAVE_FUTIMENS 1
| #define HAVE_DECL_PROGRAM_INVOCATION_NAME 0
| #define TUKLIB_FAST_UNALIGNED_ACCESS 1
| #define HAVE_SYS_PARAM_H 1
| /* end confdefs.h.  */
| 
| #include <sys/systemcfg.h>
| 
| int
| main(void)
| {
| 	(void)_system_configuration.physmem;
| 	return 0;
| }
| 
configure:17584: gcc -c -fPIC  conftest.c >&5
configure:17584: $? = 0
configure:17724: result: sysconf
configure:17771: checking for sys/param.h
configure:17771: result: yes
configure:17782: checking how to detect the number of available CPU cores
configure:17811: gcc -c -fPIC  conftest.c >&5
configure:17811: $? = 0
configure:17870: result: sysctl
configure:17894: checking whether mbrtowc and mbstate_t are properly declared
configure:17914: gcc -o conftest -fPIC   conftest.c   >&5
configure:17914: $? = 0
configure:17922: result: yes
configure:17932: checking for wcwidth
configure:17932: gcc -o conftest -fPIC   conftest.c   >&5
configure:17932: $? = 0
configure:17932: result: yes
configure:17960: checking whether the -Werror option is usable
configure:17979: gcc -c -fPIC -Werror  conftest.c >&5
configure:17979: $? = 0
configure:17988: result: yes
configure:17990: checking for simple visibility declarations
configure:18016: gcc -c -fPIC -fvisibility=hidden -Werror  conftest.c >&5
configure:18016: $? = 0
configure:18025: result: yes
configure:18080: checking if gcc accepts -Wall
configure:18088: gcc -c -fPIC -Wall  conftest.c >&5
configure:18088: $? = 0
configure:18091: result: yes
configure:18080: checking if gcc accepts -Wextra
configure:18088: gcc -c -fPIC -Wextra  conftest.c >&5
configure:18088: $? = 0
configure:18091: result: yes
configure:18080: checking if gcc accepts -Wvla
configure:18088: gcc -c -fPIC -Wvla  conftest.c >&5
configure:18088: $? = 0
configure:18091: result: yes
configure:18080: checking if gcc accepts -Wformat=2
configure:18088: gcc -c -fPIC -Wformat=2  conftest.c >&5
configure:18088: $? = 0
configure:18091: result: yes
configure:18080: checking if gcc accepts -Winit-self
configure:18088: gcc -c -fPIC -Winit-self  conftest.c >&5
configure:18088: $? = 0
configure:18091: result: yes
configure:18080: checking if gcc accepts -Wmissing-include-dirs
configure:18088: gcc -c -fPIC -Wmissing-include-dirs  conftest.c >&5
configure:18088: $? = 0
configure:18091: result: yes
configure:18080: checking if gcc accepts -Wstrict-aliasing
configure:18088: gcc -c -fPIC -Wstrict-aliasing  conftest.c >&5
configure:18088: $? = 0
configure:18091: result: yes
configure:18080: checking if gcc accepts -Wfloat-equal
configure:18088: gcc -c -fPIC -Wfloat-equal  conftest.c >&5
configure:18088: $? = 0
configure:18091: result: yes
configure:18080: checking if gcc accepts -Wundef
configure:18088: gcc -c -fPIC -Wundef  conftest.c >&5
configure:18088: $? = 0
configure:18091: result: yes
configure:18080: checking if gcc accepts -Wshadow
configure:18088: gcc -c -fPIC -Wshadow  conftest.c >&5
configure:18088: $? = 0
configure:18091: result: yes
configure:18080: checking if gcc accepts -Wpointer-arith
configure:18088: gcc -c -fPIC -Wpointer-arith  conftest.c >&5
configure:18088: $? = 0
configure:18091: result: yes
configure:18080: checking if gcc accepts -Wbad-function-cast
configure:18088: gcc -c -fPIC -Wbad-function-cast  conftest.c >&5
configure:18088: $? = 0
configure:18091: result: yes
configure:18080: checking if gcc accepts -Wwrite-strings
configure:18088: gcc -c -fPIC -Wwrite-strings  conftest.c >&5
configure:18088: $? = 0
configure:18091: result: yes
configure:18080: checking if gcc accepts -Wlogical-op
configure:18088: gcc -c -fPIC -Wlogical-op  conftest.c >&5
warning: unknown warning option '-Wlogical-op'; did you mean '-Wlong-long'? [-Wunknown-warning-option]
1 warning generated.
configure:18088: $? = 0
configure:18091: result: yes
configure:18080: checking if gcc accepts -Waggregate-return
configure:18088: gcc -c -fPIC -Waggregate-return  conftest.c >&5
configure:18088: $? = 0
configure:18091: result: yes
configure:18080: checking if gcc accepts -Wstrict-prototypes
configure:18088: gcc -c -fPIC -Wstrict-prototypes  conftest.c >&5
configure:18088: $? = 0
configure:18091: result: yes
configure:18080: checking if gcc accepts -Wold-style-definition
configure:18088: gcc -c -fPIC -Wold-style-definition  conftest.c >&5
configure:18088: $? = 0
configure:18091: result: yes
configure:18080: checking if gcc accepts -Wmissing-prototypes
configure:18088: gcc -c -fPIC -Wmissing-prototypes  conftest.c >&5
conftest.c:82:6: warning: no previous prototype for function 'foo' [-Wmissing-prototypes]
void foo(void) { }
     ^
1 warning generated.
configure:18088: $? = 0
configure:18091: result: yes
configure:18080: checking if gcc accepts -Wmissing-declarations
configure:18088: gcc -c -fPIC -Wmissing-declarations  conftest.c >&5
configure:18088: $? = 0
configure:18091: result: yes
configure:18080: checking if gcc accepts -Wmissing-noreturn
configure:18088: gcc -c -fPIC -Wmissing-noreturn  conftest.c >&5
configure:18088: $? = 0
configure:18091: result: yes
configure:18080: checking if gcc accepts -Wredundant-decls
configure:18088: gcc -c -fPIC -Wredundant-decls  conftest.c >&5
configure:18088: $? = 0
configure:18091: result: yes
configure:18453: checking that generated files are newer than configure
configure:18459: result: done
configure:18495: creating ./config.status

## ---------------------- ##
## Running config.status. ##
## ---------------------- ##

This file was extended by XZ Utils config.status 5.0.5, which was
generated by GNU Autoconf 2.69.  Invocation command line was

  CONFIG_FILES    = 
  CONFIG_HEADERS  = 
  CONFIG_LINKS    = 
  CONFIG_COMMANDS = 
  $ ./config.status 

on MacBook-Pro-2.local

config.status:1345: creating Doxyfile
config.status:1345: creating Makefile
config.status:1345: creating po/Makefile.in
config.status:1345: creating lib/Makefile
config.status:1345: creating src/Makefile
config.status:1345: creating src/liblzma/liblzma.pc
config.status:1345: creating src/liblzma/Makefile
config.status:1345: creating src/liblzma/api/Makefile
config.status:1345: creating src/xz/Makefile
config.status:1345: creating src/xzdec/Makefile
config.status:1345: creating src/lzmainfo/Makefile
config.status:1345: creating src/scripts/Makefile
config.status:1345: creating tests/Makefile
config.status:1345: creating debug/Makefile
config.status:1345: creating src/scripts/xzdiff
config.status:1345: creating src/scripts/xzgrep
config.status:1345: creating src/scripts/xzmore
config.status:1345: creating src/scripts/xzless
config.status:1345: creating config.h
config.status:1574: executing depfiles commands
config.status:1574: executing libtool commands
config.status:1574: executing po-directories commands

## ---------------- ##
## Cache variables. ##
## ---------------- ##

ac_cv_build=x86_64-apple-darwin17.2.0
ac_cv_c_bigendian=no
ac_cv_c_compiler_gnu=yes
ac_cv_c_int32_t=yes
ac_cv_c_int64_t=yes
ac_cv_c_uint16_t=yes
ac_cv_c_uint32_t=yes
ac_cv_c_uint64_t=yes
ac_cv_c_uint8_t=yes
ac_cv_env_CCASFLAGS_set=
ac_cv_env_CCASFLAGS_value=
ac_cv_env_CCAS_set=
ac_cv_env_CCAS_value=
ac_cv_env_CC_set=
ac_cv_env_CC_value=
ac_cv_env_CFLAGS_set=set
ac_cv_env_CFLAGS_value=-fPIC
ac_cv_env_CPPFLAGS_set=
ac_cv_env_CPPFLAGS_value=
ac_cv_env_CPP_set=
ac_cv_env_CPP_value=
ac_cv_env_LDFLAGS_set=
ac_cv_env_LDFLAGS_value=
ac_cv_env_LIBS_set=
ac_cv_env_LIBS_value=
ac_cv_env_build_alias_set=
ac_cv_env_build_alias_value=
ac_cv_env_host_alias_set=
ac_cv_env_host_alias_value=
ac_cv_env_target_alias_set=
ac_cv_env_target_alias_value=
ac_cv_func_futimens=yes
ac_cv_func_getopt_long=yes
ac_cv_func_mbrtowc=yes
ac_cv_func_wcwidth=yes
ac_cv_have_decl_optreset=yes
ac_cv_have_decl_program_invocation_name=no
ac_cv_header_byteswap_h=no
ac_cv_header_dlfcn_h=yes
ac_cv_header_fcntl_h=yes
ac_cv_header_getopt_h=yes
ac_cv_header_inttypes_h=yes
ac_cv_header_limits_h=yes
ac_cv_header_memory_h=yes
ac_cv_header_minix_config_h=no
ac_cv_header_stdbool_h=yes
ac_cv_header_stdc=yes
ac_cv_header_stdint_h=yes
ac_cv_header_stdlib_h=yes
ac_cv_header_string_h=yes
ac_cv_header_strings_h=yes
ac_cv_header_sys_byteorder_h=no
ac_cv_header_sys_endian_h=no
ac_cv_header_sys_param_h=yes
ac_cv_header_sys_stat_h=yes
ac_cv_header_sys_time_h=yes
ac_cv_header_sys_types_h=yes
ac_cv_header_unistd_h=yes
ac_cv_host=x86_64-apple-darwin17.2.0
ac_cv_member_struct_stat_st_atim_st__tim_tv_nsec=no
ac_cv_member_struct_stat_st_atim_tv_nsec=no
ac_cv_member_struct_stat_st_atimensec=no
ac_cv_member_struct_stat_st_atimespec_tv_nsec=yes
ac_cv_member_struct_stat_st_uatime=no
ac_cv_objext=o
ac_cv_path_EGREP='/usr/bin/grep -E'
ac_cv_path_FGREP='/usr/bin/grep -F'
ac_cv_path_GMSGFMT=:
ac_cv_path_GREP=/usr/bin/grep
ac_cv_path_MSGFMT=:
ac_cv_path_MSGMERGE=:
ac_cv_path_SED=/usr/bin/sed
ac_cv_path_XGETTEXT=:
ac_cv_path_install='/usr/bin/install -c'
ac_cv_prog_AWK=awk
ac_cv_prog_CPP='gcc -E'
ac_cv_prog_ac_ct_AR=ar
ac_cv_prog_ac_ct_CC=gcc
ac_cv_prog_ac_ct_DSYMUTIL=dsymutil
ac_cv_prog_ac_ct_LIPO=lipo
ac_cv_prog_ac_ct_NMEDIT=nmedit
ac_cv_prog_ac_ct_OBJDUMP=objdump
ac_cv_prog_ac_ct_OTOOL=otool
ac_cv_prog_ac_ct_RANLIB=ranlib
ac_cv_prog_ac_ct_STRIP=strip
ac_cv_prog_cc_c89=
ac_cv_prog_cc_c99=
ac_cv_prog_cc_g=yes
ac_cv_prog_make_make_set=yes
ac_cv_safe_to_define___extensions__=yes
ac_cv_sizeof_size_t=8
ac_cv_sys_file_offset_bits=no
ac_cv_sys_largefile_CC=no
ac_cv_type__Bool=yes
ac_cv_type_uintptr_t=yes
acl_cv_hardcode_direct=no
acl_cv_hardcode_libdir_flag_spec=
acl_cv_hardcode_libdir_separator=
acl_cv_hardcode_minus_L=no
acl_cv_libext=a
acl_cv_libname_spec='lib$name'
acl_cv_library_names_spec='$libname$shrext'
acl_cv_path_LD=/Applications/Xcode.app/Contents/Developer/Toolchains/XcodeDefault.xctoolchain/usr/bin/ld
acl_cv_prog_gnu_ld=no
acl_cv_rpath=done
acl_cv_shlibext=dylib
acl_cv_wl=-Wl,
am_cv_CCAS_dependencies_compiler_type=gcc3
am_cv_CC_dependencies_compiler_type=gcc3
am_cv_func_iconv=yes
am_cv_func_iconv_works=yes
am_cv_lib_iconv=yes
am_cv_make_support_nested_variables=yes
am_cv_prog_cc_c_o=yes
ax_cv_PTHREAD_PRIO_INHERIT=yes
gl_cv_cc_vis_werror=yes
gl_cv_cc_visibility=yes
gl_cv_posix_shell=/bin/sh
gt_cv_func_CFLocaleCopyCurrent=yes
gt_cv_func_CFPreferencesCopyAppValue=yes
gt_cv_func_gnugettext1_libc=no
gt_cv_func_gnugettext1_libintl=no
lt_cv_apple_cc_single_mod=yes
lt_cv_ar_at_file=no
lt_cv_deplibs_check_method=pass_all
lt_cv_file_magic_cmd='$MAGIC_CMD'
lt_cv_file_magic_test_file=
lt_cv_ld_exported_symbols_list=yes
lt_cv_ld_force_load=yes
lt_cv_ld_reload_flag=-r
lt_cv_nm_interface='BSD nm'
lt_cv_objdir=.libs
lt_cv_path_LD=/Applications/Xcode.app/Contents/Developer/Toolchains/XcodeDefault.xctoolchain/usr/bin/ld
lt_cv_path_NM='/usr/bin/nm -B'
lt_cv_path_mainfest_tool=no
lt_cv_prog_compiler_c_o=yes
lt_cv_prog_compiler_c_o_RC=yes
lt_cv_prog_compiler_pic='-fno-common -DPIC'
lt_cv_prog_compiler_pic_works=yes
lt_cv_prog_compiler_rtti_exceptions=yes
lt_cv_prog_compiler_static_works=no
lt_cv_prog_gnu_ld=no
lt_cv_sharedlib_from_linklib_cmd='printf %s\n'
lt_cv_sys_global_symbol_pipe='sed -n -e '\''s/^.*[	 ]\([BCDEGRST][BCDEGRST]*\)[	 ][	 ]*_\([_A-Za-z][_A-Za-z0-9]*\)$/\1 _\2 \2/p'\'' | sed '\''/ __gnu_lto/d'\'''
lt_cv_sys_global_symbol_to_c_name_address='sed -n -e '\''s/^: \([^ ]*\)[ ]*$/  {\"\1\", (void *) 0},/p'\'' -e '\''s/^[BCDEGRST]* \([^ ]*\) \([^ ]*\)$/  {"\2", (void *) \&\2},/p'\'''
lt_cv_sys_global_symbol_to_c_name_address_lib_prefix='sed -n -e '\''s/^: \([^ ]*\)[ ]*$/  {\"\1\", (void *) 0},/p'\'' -e '\''s/^[BCDEGRST]* \([^ ]*\) \(lib[^ ]*\)$/  {"\2", (void *) \&\2},/p'\'' -e '\''s/^[BCDEGRST]* \([^ ]*\) \([^ ]*\)$/  {"lib\2", (void *) \&\2},/p'\'''
lt_cv_sys_global_symbol_to_cdecl='sed -n -e '\''s/^T .* \(.*\)$/extern int \1();/p'\'' -e '\''s/^[BCDEGRST]* .* \(.*\)$/extern char \1;/p'\'''
lt_cv_sys_max_cmd_len=196608
lt_cv_to_host_file_cmd=func_convert_file_noop
lt_cv_to_tool_file_cmd=func_convert_file_noop
tuklib_cv_cpucores_method=sysctl
tuklib_cv_physmem_method=sysconf

## ----------------- ##
## Output variables. ##
## ----------------- ##

ACLOCAL='${SHELL} /Users/gowitheflow/Documents/ETALAB/piwik_logs/node_modules/xz/build/Release/obj/gen/xz-5.0.5/build-aux/missing aclocal-1.14'
AMDEPBACKSLASH='\'
AMDEP_FALSE='#'
AMDEP_TRUE=''
AMTAR='$${TAR-tar}'
AM_BACKSLASH='\'
AM_CFLAGS=' -D_THREAD_SAFE -pthread -fvisibility=hidden -Wall -Wextra -Wvla -Wformat=2 -Winit-self -Wmissing-include-dirs -Wstrict-aliasing -Wfloat-equal -Wundef -Wshadow -Wpointer-arith -Wbad-function-cast -Wwrite-strings -Wlogical-op -Waggregate-return -Wstrict-prototypes -Wold-style-definition -Wmissing-prototypes -Wmissing-declarations -Wmissing-noreturn -Wredundant-decls'
AM_DEFAULT_V='$(AM_DEFAULT_VERBOSITY)'
AM_DEFAULT_VERBOSITY='1'
AM_V='$(V)'
AR='ar'
AS='as'
AUTOCONF='${SHELL} /Users/gowitheflow/Documents/ETALAB/piwik_logs/node_modules/xz/build/Release/obj/gen/xz-5.0.5/build-aux/missing autoconf'
AUTOHEADER='${SHELL} /Users/gowitheflow/Documents/ETALAB/piwik_logs/node_modules/xz/build/Release/obj/gen/xz-5.0.5/build-aux/missing autoheader'
AUTOMAKE='${SHELL} /Users/gowitheflow/Documents/ETALAB/piwik_logs/node_modules/xz/build/Release/obj/gen/xz-5.0.5/build-aux/missing automake-1.14'
AWK='awk'
CC='gcc'
CCAS='gcc'
CCASDEPMODE='depmode=gcc3'
CCASFLAGS='-fPIC'
CCDEPMODE='depmode=gcc3'
CFLAGS='-fPIC'
CFLAG_VISIBILITY='-fvisibility=hidden'
COND_ASM_X86_64_FALSE=''
COND_ASM_X86_64_TRUE='#'
COND_ASM_X86_FALSE=''
COND_ASM_X86_TRUE='#'
COND_CHECK_CRC32_FALSE='#'
COND_CHECK_CRC32_TRUE=''
COND_CHECK_CRC64_FALSE='#'
COND_CHECK_CRC64_TRUE=''
COND_CHECK_SHA256_FALSE='#'
COND_CHECK_SHA256_TRUE=''
COND_DECODER_ARMTHUMB_FALSE='#'
COND_DECODER_ARMTHUMB_TRUE=''
COND_DECODER_ARM_FALSE='#'
COND_DECODER_ARM_TRUE=''
COND_DECODER_DELTA_FALSE='#'
COND_DECODER_DELTA_TRUE=''
COND_DECODER_IA64_FALSE='#'
COND_DECODER_IA64_TRUE=''
COND_DECODER_LZMA1_FALSE='#'
COND_DECODER_LZMA1_TRUE=''
COND_DECODER_LZMA2_FALSE='#'
COND_DECODER_LZMA2_TRUE=''
COND_DECODER_LZ_FALSE='#'
COND_DECODER_LZ_TRUE=''
COND_DECODER_POWERPC_FALSE='#'
COND_DECODER_POWERPC_TRUE=''
COND_DECODER_SIMPLE_FALSE='#'
COND_DECODER_SIMPLE_TRUE=''
COND_DECODER_SPARC_FALSE='#'
COND_DECODER_SPARC_TRUE=''
COND_DECODER_X86_FALSE='#'
COND_DECODER_X86_TRUE=''
COND_ENCODER_ARMTHUMB_FALSE='#'
COND_ENCODER_ARMTHUMB_TRUE=''
COND_ENCODER_ARM_FALSE='#'
COND_ENCODER_ARM_TRUE=''
COND_ENCODER_DELTA_FALSE='#'
COND_ENCODER_DELTA_TRUE=''
COND_ENCODER_IA64_FALSE='#'
COND_ENCODER_IA64_TRUE=''
COND_ENCODER_LZMA1_FALSE='#'
COND_ENCODER_LZMA1_TRUE=''
COND_ENCODER_LZMA2_FALSE='#'
COND_ENCODER_LZMA2_TRUE=''
COND_ENCODER_LZ_FALSE='#'
COND_ENCODER_LZ_TRUE=''
COND_ENCODER_POWERPC_FALSE='#'
COND_ENCODER_POWERPC_TRUE=''
COND_ENCODER_SIMPLE_FALSE='#'
COND_ENCODER_SIMPLE_TRUE=''
COND_ENCODER_SPARC_FALSE='#'
COND_ENCODER_SPARC_TRUE=''
COND_ENCODER_X86_FALSE='#'
COND_ENCODER_X86_TRUE=''
COND_FILTER_ARMTHUMB_FALSE='#'
COND_FILTER_ARMTHUMB_TRUE=''
COND_FILTER_ARM_FALSE='#'
COND_FILTER_ARM_TRUE=''
COND_FILTER_DELTA_FALSE='#'
COND_FILTER_DELTA_TRUE=''
COND_FILTER_IA64_FALSE='#'
COND_FILTER_IA64_TRUE=''
COND_FILTER_LZMA1_FALSE='#'
COND_FILTER_LZMA1_TRUE=''
COND_FILTER_LZMA2_FALSE='#'
COND_FILTER_LZMA2_TRUE=''
COND_FILTER_LZ_FALSE='#'
COND_FILTER_LZ_TRUE=''
COND_FILTER_POWERPC_FALSE='#'
COND_FILTER_POWERPC_TRUE=''
COND_FILTER_SIMPLE_FALSE='#'
COND_FILTER_SIMPLE_TRUE=''
COND_FILTER_SPARC_FALSE='#'
COND_FILTER_SPARC_TRUE=''
COND_FILTER_X86_FALSE='#'
COND_FILTER_X86_TRUE=''
COND_GNULIB_FALSE=''
COND_GNULIB_TRUE='#'
COND_LZMADEC_FALSE='#'
COND_LZMADEC_TRUE=''
COND_LZMAINFO_FALSE='#'
COND_LZMAINFO_TRUE=''
COND_LZMALINKS_FALSE='#'
COND_LZMALINKS_TRUE=''
COND_MAIN_DECODER_FALSE='#'
COND_MAIN_DECODER_TRUE=''
COND_MAIN_ENCODER_FALSE='#'
COND_MAIN_ENCODER_TRUE=''
COND_SCRIPTS_FALSE='#'
COND_SCRIPTS_TRUE=''
COND_SHARED_FALSE='#'
COND_SHARED_TRUE=''
COND_SMALL_FALSE=''
COND_SMALL_TRUE='#'
COND_W32_FALSE=''
COND_W32_TRUE='#'
COND_XZDEC_FALSE='#'
COND_XZDEC_TRUE=''
COND_XZ_FALSE='#'
COND_XZ_TRUE=''
CPP='gcc -E'
CPPFLAGS=''
CYGPATH_W='echo'
DEFS='-DHAVE_CONFIG_H'
DEPDIR='.deps'
DLLTOOL='false'
DSYMUTIL='dsymutil'
DUMPBIN=''
ECHO_C='\c'
ECHO_N=''
ECHO_T=''
EGREP='/usr/bin/grep -E'
EXEEXT=''
FGREP='/usr/bin/grep -F'
GETOPT_H=''
GETTEXT_MACRO_VERSION='0.18'
GMSGFMT=':'
GMSGFMT_015=':'
GREP='/usr/bin/grep'
HAVE_VISIBILITY='1'
INSTALL_DATA='${INSTALL} -m 644'
INSTALL_PROGRAM='${INSTALL}'
INSTALL_SCRIPT='${INSTALL}'
INSTALL_STRIP_PROGRAM='$(install_sh) -c -s'
INTLLIBS=''
INTL_MACOSX_LIBS='-Wl,-framework -Wl,CoreFoundation'
LD='/Applications/Xcode.app/Contents/Developer/Toolchains/XcodeDefault.xctoolchain/usr/bin/ld'
LDFLAGS=''
LIBICONV='-liconv'
LIBINTL=''
LIBOBJS=''
LIBS=' '
LIBTOOL='$(SHELL) $(top_builddir)/libtool'
LIPO='lipo'
LN_EXEEXT='$(EXEEXT)'
LN_S='ln -s'
LTLIBICONV='-liconv'
LTLIBINTL=''
LTLIBOBJS=''
MAKEINFO='${SHELL} /Users/gowitheflow/Documents/ETALAB/piwik_logs/node_modules/xz/build/Release/obj/gen/xz-5.0.5/build-aux/missing makeinfo'
MANIFEST_TOOL=':'
MKDIR_P='build-aux/install-sh -c -d'
MSGFMT=':'
MSGFMT_015=':'
MSGMERGE=':'
NM='/usr/bin/nm -B'
NMEDIT='nmedit'
OBJDUMP='objdump'
OBJEXT='o'
OTOOL64=':'
OTOOL='otool'
PACKAGE='xz'
PACKAGE_BUGREPORT='lasse.collin@tukaani.org'
PACKAGE_NAME='XZ Utils'
PACKAGE_STRING='XZ Utils 5.0.5'
PACKAGE_TARNAME='xz'
PACKAGE_URL='http://tukaani.org/xz/'
PACKAGE_VERSION='5.0.5'
PATH_SEPARATOR=':'
POSIX_SHELL='/bin/sh'
POSUB=''
PREFERABLY_POSIX_SHELL='/bin/sh'
PTHREAD_CC='gcc'
PTHREAD_CFLAGS='-D_THREAD_SAFE -pthread'
PTHREAD_LIBS=''
RANLIB='ranlib'
RC=''
SED='/usr/bin/sed'
SET_MAKE=''
SHELL='/bin/sh'
STRIP='strip'
USE_NLS='no'
VERSION='5.0.5'
XGETTEXT=':'
XGETTEXT_015=':'
XGETTEXT_EXTRA_OPTIONS=''
ac_ct_AR='ar'
ac_ct_CC='gcc'
ac_ct_DUMPBIN=''
am__EXEEXT_FALSE=''
am__EXEEXT_TRUE='#'
am__fastdepCCAS_FALSE='#'
am__fastdepCCAS_TRUE=''
am__fastdepCC_FALSE='#'
am__fastdepCC_TRUE=''
am__include='include'
am__isrc=''
am__leading_dot='.'
am__nodep='_no'
am__quote=''
am__tar='$${TAR-tar} chof - "$$tardir"'
am__untar='$${TAR-tar} xf -'
ax_pthread_config=''
bindir='${exec_prefix}/bin'
build='x86_64-apple-darwin17.2.0'
build_alias=''
build_cpu='x86_64'
build_os='darwin17.2.0'
build_vendor='apple'
datadir='${datarootdir}'
datarootdir='${prefix}/share'
docdir='${datarootdir}/doc/${PACKAGE_TARNAME}'
dvidir='${docdir}'
exec_prefix='${prefix}'
host='x86_64-apple-darwin17.2.0'
host_alias=''
host_cpu='x86_64'
host_os='darwin17.2.0'
host_vendor='apple'
htmldir='${docdir}'
includedir='${prefix}/include'
infodir='${datarootdir}/info'
install_sh='${SHELL} /Users/gowitheflow/Documents/ETALAB/piwik_logs/node_modules/xz/build/Release/obj/gen/xz-5.0.5/build-aux/install-sh'
libdir='${exec_prefix}/lib'
libexecdir='${exec_prefix}/libexec'
localedir='${datarootdir}/locale'
localstatedir='${prefix}/var'
mandir='${datarootdir}/man'
mkdir_p='$(top_builddir)/build-aux/install-sh -c -d'
oldincludedir='/usr/include'
pdfdir='${docdir}'
prefix='/usr/local'
program_transform_name='s,x,x,'
psdir='${docdir}'
sbindir='${exec_prefix}/sbin'
sharedstatedir='${prefix}/com'
sysconfdir='${prefix}/etc'
target_alias=''
xz='xz'

## ----------- ##
## confdefs.h. ##
## ----------- ##

/* confdefs.h */
#define PACKAGE_NAME "XZ Utils"
#define PACKAGE_TARNAME "xz"
#define PACKAGE_VERSION "5.0.5"
#define PACKAGE_STRING "XZ Utils 5.0.5"
#define PACKAGE_BUGREPORT "lasse.collin@tukaani.org"
#define PACKAGE_URL "http://tukaani.org/xz/"
#define NDEBUG 1
#define HAVE_ENCODER_LZMA1 1
#define HAVE_ENCODER_LZMA2 1
#define HAVE_ENCODER_DELTA 1
#define HAVE_ENCODER_X86 1
#define HAVE_ENCODER_POWERPC 1
#define HAVE_ENCODER_IA64 1
#define HAVE_ENCODER_ARM 1
#define HAVE_ENCODER_ARMTHUMB 1
#define HAVE_ENCODER_SPARC 1
#define HAVE_DECODER_LZMA1 1
#define HAVE_DECODER_LZMA2 1
#define HAVE_DECODER_DELTA 1
#define HAVE_DECODER_X86 1
#define HAVE_DECODER_POWERPC 1
#define HAVE_DECODER_IA64 1
#define HAVE_DECODER_ARM 1
#define HAVE_DECODER_ARMTHUMB 1
#define HAVE_DECODER_SPARC 1
#define HAVE_MF_HC3 1
#define HAVE_MF_HC4 1
#define HAVE_MF_BT2 1
#define HAVE_MF_BT3 1
#define HAVE_MF_BT4 1
#define HAVE_CHECK_CRC32 1
#define HAVE_CHECK_CRC64 1
#define HAVE_CHECK_SHA256 1
#define ASSUME_RAM 128
#define PACKAGE "xz"
#define VERSION "5.0.5"
#define STDC_HEADERS 1
#define HAVE_SYS_TYPES_H 1
#define HAVE_SYS_STAT_H 1
#define HAVE_STDLIB_H 1
#define HAVE_STRING_H 1
#define HAVE_MEMORY_H 1
#define HAVE_STRINGS_H 1
#define HAVE_INTTYPES_H 1
#define HAVE_STDINT_H 1
#define HAVE_UNISTD_H 1
#define __EXTENSIONS__ 1
#define _ALL_SOURCE 1
#define _GNU_SOURCE 1
#define _POSIX_PTHREAD_SEMANTICS 1
#define _TANDEM_SOURCE 1
#define HAVE_PTHREAD_PRIO_INHERIT 1
#define HAVE_PTHREAD 1
#define HAVE_DLFCN_H 1
#define LT_OBJDIR ".libs/"
#define HAVE_CFPREFERENCESCOPYAPPVALUE 1
#define HAVE_CFLOCALECOPYCURRENT 1
#define HAVE_ICONV 1
#define HAVE_FCNTL_H 1
#define HAVE_LIMITS_H 1
#define HAVE_SYS_TIME_H 1
#define HAVE__BOOL 1
#define HAVE_STDBOOL_H 1
#define HAVE_UINTPTR_T 1
#define SIZEOF_SIZE_T 8
#define HAVE_STRUCT_STAT_ST_ATIMESPEC_TV_NSEC 1
#define HAVE_GETOPT_H 1
#define HAVE_GETOPT_LONG 1
#define HAVE_OPTRESET 1
#define HAVE_FUTIMENS 1
#define HAVE_DECL_PROGRAM_INVOCATION_NAME 0
#define TUKLIB_FAST_UNALIGNED_ACCESS 1
#define HAVE_SYS_PARAM_H 1
#define TUKLIB_PHYSMEM_SYSCONF 1
#define HAVE_SYS_PARAM_H 1
#define TUKLIB_CPUCORES_SYSCTL 1
#define HAVE_MBRTOWC 1
#define HAVE_WCWIDTH 1
#define HAVE_VISIBILITY 1

configure: exit 0
